The system is: Linux - 6.5.0-28-generic - x86_64
Compiling the C compiler identification source file "CMakeCCompilerId.c" succeeded.
Compiler: /usr/bin/cc 
Build flags: ;-ffunction-sections;-fdata-sections;-fPIC;-m64
Id flags:  

The output was:
0


Compilation of the C compiler identification source "CMakeCCompilerId.c" produced "a.out"

The C compiler identification is GNU, found in "/mnt/hgfs/lishuangshuang/pipeline/learning/rust/bamtag/target/debug/build/libz-sys-b1db84f86c238c0e/out/build/CMakeFiles/3.22.1/CompilerIdC/a.out"

Detecting C compiler ABI info compiled with the following output:
Change Dir: /mnt/hgfs/lishuangshuang/pipeline/learning/rust/bamtag/target/debug/build/libz-sys-b1db84f86c238c0e/out/build/CMakeFiles/CMakeTmp

Run Build Command(s):/usr/bin/gmake -f Makefile cmTC_bc1f9/fast && gmake: Warning: File 'Makefile' has modification time 3 s in the future
/usr/bin/gmake  -f CMakeFiles/cmTC_bc1f9.dir/build.make CMakeFiles/cmTC_bc1f9.dir/build
gmake[1]: Entering directory '/mnt/hgfs/lishuangshuang/pipeline/learning/rust/bamtag/target/debug/build/libz-sys-b1db84f86c238c0e/out/build/CMakeFiles/CMakeTmp'
gmake[1]: Warning: File 'CMakeFiles/cmTC_bc1f9.dir/flags.make' has modification time 2.9 s in the future
Building C object CMakeFiles/cmTC_bc1f9.dir/CMakeCCompilerABI.c.o
/usr/bin/cc   -ffunction-sections -fdata-sections -fPIC -m64    -v -std=c11 -o CMakeFiles/cmTC_bc1f9.dir/CMakeCCompilerABI.c.o -c /usr/share/cmake-3.22/Modules/CMakeCCompilerABI.c
Using built-in specs.
COLLECT_GCC=/usr/bin/cc
OFFLOAD_TARGET_NAMES=nvptx-none:amdgcn-amdhsa
OFFLOAD_TARGET_DEFAULT=1
Target: x86_64-linux-gnu
Configured with: ../src/configure -v --with-pkgversion='Ubuntu 11.4.0-1ubuntu1~22.04' --with-bugurl=file:///usr/share/doc/gcc-11/README.Bugs --enable-languages=c,ada,c++,go,brig,d,fortran,objc,obj-c++,m2 --prefix=/usr --with-gcc-major-version-only --program-suffix=-11 --program-prefix=x86_64-linux-gnu- --enable-shared --enable-linker-build-id --libexecdir=/usr/lib --without-included-gettext --enable-threads=posix --libdir=/usr/lib --enable-nls --enable-bootstrap --enable-clocale=gnu --enable-libstdcxx-debug --enable-libstdcxx-time=yes --with-default-libstdcxx-abi=new --enable-gnu-unique-object --disable-vtable-verify --enable-plugin --enable-default-pie --with-system-zlib --enable-libphobos-checking=release --with-target-system-zlib=auto --enable-objc-gc=auto --enable-multiarch --disable-werror --enable-cet --with-arch-32=i686 --with-abi=m64 --with-multilib-list=m32,m64,mx32 --enable-multilib --with-tune=generic --enable-offload-targets=nvptx-none=/build/gcc-11-XeT9lY/gcc-11-11.4.0/debian/tmp-nvptx/usr,amdgcn-amdhsa=/build/gcc-11-XeT9lY/gcc-11-11.4.0/debian/tmp-gcn/usr --without-cuda-driver --enable-checking=release --build=x86_64-linux-gnu --host=x86_64-linux-gnu --target=x86_64-linux-gnu --with-build-config=bootstrap-lto-lean --enable-link-serialization=2
Thread model: posix
Supported LTO compression algorithms: zlib zstd
gcc version 11.4.0 (Ubuntu 11.4.0-1ubuntu1~22.04) 
COLLECT_GCC_OPTIONS='-ffunction-sections' '-fdata-sections' '-fPIC' '-m64' '-v' '-std=c11' '-o' 'CMakeFiles/cmTC_bc1f9.dir/CMakeCCompilerABI.c.o' '-c' '-mtune=generic' '-march=x86-64' '-dumpdir' 'CMakeFiles/cmTC_bc1f9.dir/'
 /usr/lib/gcc/x86_64-linux-gnu/11/cc1 -quiet -v -imultiarch x86_64-linux-gnu /usr/share/cmake-3.22/Modules/CMakeCCompilerABI.c -quiet -dumpdir CMakeFiles/cmTC_bc1f9.dir/ -dumpbase CMakeCCompilerABI.c.c -dumpbase-ext .c -m64 -mtune=generic -march=x86-64 -std=c11 -version -ffunction-sections -fdata-sections -fPIC -fasynchronous-unwind-tables -fstack-protector-strong -Wformat -Wformat-security -fstack-clash-protection -fcf-protection -o /tmp/cctMn9XS.s
GNU C11 (Ubuntu 11.4.0-1ubuntu1~22.04) version 11.4.0 (x86_64-linux-gnu)
	compiled by GNU C version 11.4.0, GMP version 6.2.1, MPFR version 4.1.0, MPC version 1.2.1, isl version isl-0.24-GMP

GGC heuristics: --param ggc-min-expand=100 --param ggc-min-heapsize=131072
ignoring nonexistent directory "/usr/local/include/x86_64-linux-gnu"
ignoring nonexistent directory "/usr/lib/gcc/x86_64-linux-gnu/11/include-fixed"
ignoring nonexistent directory "/usr/lib/gcc/x86_64-linux-gnu/11/../../../../x86_64-linux-gnu/include"
#include "..." search starts here:
#include <...> search starts here:
 /usr/lib/gcc/x86_64-linux-gnu/11/include
 /usr/local/include
 /usr/include/x86_64-linux-gnu
 /usr/include
End of search list.
GNU C11 (Ubuntu 11.4.0-1ubuntu1~22.04) version 11.4.0 (x86_64-linux-gnu)
	compiled by GNU C version 11.4.0, GMP version 6.2.1, MPFR version 4.1.0, MPC version 1.2.1, isl version isl-0.24-GMP

GGC heuristics: --param ggc-min-expand=100 --param ggc-min-heapsize=131072
Compiler executable checksum: 50eaa2331df977b8016186198deb2d18
COLLECT_GCC_OPTIONS='-ffunction-sections' '-fdata-sections' '-fPIC' '-m64' '-v' '-std=c11' '-o' 'CMakeFiles/cmTC_bc1f9.dir/CMakeCCompilerABI.c.o' '-c' '-mtune=generic' '-march=x86-64' '-dumpdir' 'CMakeFiles/cmTC_bc1f9.dir/'
 as -v --64 -o CMakeFiles/cmTC_bc1f9.dir/CMakeCCompilerABI.c.o /tmp/cctMn9XS.s
GNU assembler version 2.38 (x86_64-linux-gnu) using BFD version (GNU Binutils for Ubuntu) 2.38
COMPILER_PATH=/usr/lib/gcc/x86_64-linux-gnu/11/:/usr/lib/gcc/x86_64-linux-gnu/11/:/usr/lib/gcc/x86_64-linux-gnu/:/usr/lib/gcc/x86_64-linux-gnu/11/:/usr/lib/gcc/x86_64-linux-gnu/
LIBRARY_PATH=/usr/lib/gcc/x86_64-linux-gnu/11/:/usr/lib/gcc/x86_64-linux-gnu/11/../../../x86_64-linux-gnu/:/usr/lib/gcc/x86_64-linux-gnu/11/../../../../lib/:/lib/x86_64-linux-gnu/:/lib/../lib/:/usr/lib/x86_64-linux-gnu/:/usr/lib/../lib/:/usr/lib/gcc/x86_64-linux-gnu/11/../../../:/lib/:/usr/lib/
COLLECT_GCC_OPTIONS='-ffunction-sections' '-fdata-sections' '-fPIC' '-m64' '-v' '-std=c11' '-o' 'CMakeFiles/cmTC_bc1f9.dir/CMakeCCompilerABI.c.o' '-c' '-mtune=generic' '-march=x86-64' '-dumpdir' 'CMakeFiles/cmTC_bc1f9.dir/CMakeCCompilerABI.c.'
Linking C executable cmTC_bc1f9
/usr/bin/cmake -E cmake_link_script CMakeFiles/cmTC_bc1f9.dir/link.txt --verbose=1
/usr/bin/cc  -ffunction-sections -fdata-sections -fPIC -m64   -v CMakeFiles/cmTC_bc1f9.dir/CMakeCCompilerABI.c.o -o cmTC_bc1f9 
Using built-in specs.
COLLECT_GCC=/usr/bin/cc
COLLECT_LTO_WRAPPER=/usr/lib/gcc/x86_64-linux-gnu/11/lto-wrapper
OFFLOAD_TARGET_NAMES=nvptx-none:amdgcn-amdhsa
OFFLOAD_TARGET_DEFAULT=1
Target: x86_64-linux-gnu
Configured with: ../src/configure -v --with-pkgversion='Ubuntu 11.4.0-1ubuntu1~22.04' --with-bugurl=file:///usr/share/doc/gcc-11/README.Bugs --enable-languages=c,ada,c++,go,brig,d,fortran,objc,obj-c++,m2 --prefix=/usr --with-gcc-major-version-only --program-suffix=-11 --program-prefix=x86_64-linux-gnu- --enable-shared --enable-linker-build-id --libexecdir=/usr/lib --without-included-gettext --enable-threads=posix --libdir=/usr/lib --enable-nls --enable-bootstrap --enable-clocale=gnu --enable-libstdcxx-debug --enable-libstdcxx-time=yes --with-default-libstdcxx-abi=new --enable-gnu-unique-object --disable-vtable-verify --enable-plugin --enable-default-pie --with-system-zlib --enable-libphobos-checking=release --with-target-system-zlib=auto --enable-objc-gc=auto --enable-multiarch --disable-werror --enable-cet --with-arch-32=i686 --with-abi=m64 --with-multilib-list=m32,m64,mx32 --enable-multilib --with-tune=generic --enable-offload-targets=nvptx-none=/build/gcc-11-XeT9lY/gcc-11-11.4.0/debian/tmp-nvptx/usr,amdgcn-amdhsa=/build/gcc-11-XeT9lY/gcc-11-11.4.0/debian/tmp-gcn/usr --without-cuda-driver --enable-checking=release --build=x86_64-linux-gnu --host=x86_64-linux-gnu --target=x86_64-linux-gnu --with-build-config=bootstrap-lto-lean --enable-link-serialization=2
Thread model: posix
Supported LTO compression algorithms: zlib zstd
gcc version 11.4.0 (Ubuntu 11.4.0-1ubuntu1~22.04) 
COMPILER_PATH=/usr/lib/gcc/x86_64-linux-gnu/11/:/usr/lib/gcc/x86_64-linux-gnu/11/:/usr/lib/gcc/x86_64-linux-gnu/:/usr/lib/gcc/x86_64-linux-gnu/11/:/usr/lib/gcc/x86_64-linux-gnu/
LIBRARY_PATH=/usr/lib/gcc/x86_64-linux-gnu/11/:/usr/lib/gcc/x86_64-linux-gnu/11/../../../x86_64-linux-gnu/:/usr/lib/gcc/x86_64-linux-gnu/11/../../../../lib/:/lib/x86_64-linux-gnu/:/lib/../lib/:/usr/lib/x86_64-linux-gnu/:/usr/lib/../lib/:/usr/lib/gcc/x86_64-linux-gnu/11/../../../:/lib/:/usr/lib/
COLLECT_GCC_OPTIONS='-ffunction-sections' '-fdata-sections' '-fPIC' '-m64' '-v' '-o' 'cmTC_bc1f9' '-mtune=generic' '-march=x86-64' '-dumpdir' 'cmTC_bc1f9.'
 /usr/lib/gcc/x86_64-linux-gnu/11/collect2 -plugin /usr/lib/gcc/x86_64-linux-gnu/11/liblto_plugin.so -plugin-opt=/usr/lib/gcc/x86_64-linux-gnu/11/lto-wrapper -plugin-opt=-fresolution=/tmp/ccPYsMFP.res -plugin-opt=-pass-through=-lgcc -plugin-opt=-pass-through=-lgcc_s -plugin-opt=-pass-through=-lc -plugin-opt=-pass-through=-lgcc -plugin-opt=-pass-through=-lgcc_s --build-id --eh-frame-hdr -m elf_x86_64 --hash-style=gnu --as-needed -dynamic-linker /lib64/ld-linux-x86-64.so.2 -pie -z now -z relro -o cmTC_bc1f9 /usr/lib/gcc/x86_64-linux-gnu/11/../../../x86_64-linux-gnu/Scrt1.o /usr/lib/gcc/x86_64-linux-gnu/11/../../../x86_64-linux-gnu/crti.o /usr/lib/gcc/x86_64-linux-gnu/11/crtbeginS.o -L/usr/lib/gcc/x86_64-linux-gnu/11 -L/usr/lib/gcc/x86_64-linux-gnu/11/../../../x86_64-linux-gnu -L/usr/lib/gcc/x86_64-linux-gnu/11/../../../../lib -L/lib/x86_64-linux-gnu -L/lib/../lib -L/usr/lib/x86_64-linux-gnu -L/usr/lib/../lib -L/usr/lib/gcc/x86_64-linux-gnu/11/../../.. CMakeFiles/cmTC_bc1f9.dir/CMakeCCompilerABI.c.o -lgcc --push-state --as-needed -lgcc_s --pop-state -lc -lgcc --push-state --as-needed -lgcc_s --pop-state /usr/lib/gcc/x86_64-linux-gnu/11/crtendS.o /usr/lib/gcc/x86_64-linux-gnu/11/../../../x86_64-linux-gnu/crtn.o
COLLECT_GCC_OPTIONS='-ffunction-sections' '-fdata-sections' '-fPIC' '-m64' '-v' '-o' 'cmTC_bc1f9' '-mtune=generic' '-march=x86-64' '-dumpdir' 'cmTC_bc1f9.'
gmake[1]: warning:  Clock skew detected.  Your build may be incomplete.
gmake[1]: Leaving directory '/mnt/hgfs/lishuangshuang/pipeline/learning/rust/bamtag/target/debug/build/libz-sys-b1db84f86c238c0e/out/build/CMakeFiles/CMakeTmp'
gmake: warning:  Clock skew detected.  Your build may be incomplete.



Parsed C implicit include dir info from above output: rv=done
  found start of include info
  found start of implicit include info
    add: [/usr/lib/gcc/x86_64-linux-gnu/11/include]
    add: [/usr/local/include]
    add: [/usr/include/x86_64-linux-gnu]
    add: [/usr/include]
  end of search list found
  collapse include dir [/usr/lib/gcc/x86_64-linux-gnu/11/include] ==> [/usr/lib/gcc/x86_64-linux-gnu/11/include]
  collapse include dir [/usr/local/include] ==> [/usr/local/include]
  collapse include dir [/usr/include/x86_64-linux-gnu] ==> [/usr/include/x86_64-linux-gnu]
  collapse include dir [/usr/include] ==> [/usr/include]
  implicit include dirs: [/usr/lib/gcc/x86_64-linux-gnu/11/include;/usr/local/include;/usr/include/x86_64-linux-gnu;/usr/include]


Parsed C implicit link information from above output:
  link line regex: [^( *|.*[/\])(ld|CMAKE_LINK_STARTFILE-NOTFOUND|([^/\]+-)?ld|collect2)[^/\]*( |$)]
  ignore line: [Change Dir: /mnt/hgfs/lishuangshuang/pipeline/learning/rust/bamtag/target/debug/build/libz-sys-b1db84f86c238c0e/out/build/CMakeFiles/CMakeTmp]
  ignore line: []
  ignore line: [Run Build Command(s):/usr/bin/gmake -f Makefile cmTC_bc1f9/fast && gmake: Warning: File 'Makefile' has modification time 3 s in the future]
  ignore line: [/usr/bin/gmake  -f CMakeFiles/cmTC_bc1f9.dir/build.make CMakeFiles/cmTC_bc1f9.dir/build]
  ignore line: [gmake[1]: Entering directory '/mnt/hgfs/lishuangshuang/pipeline/learning/rust/bamtag/target/debug/build/libz-sys-b1db84f86c238c0e/out/build/CMakeFiles/CMakeTmp']
  ignore line: [gmake[1]: Warning: File 'CMakeFiles/cmTC_bc1f9.dir/flags.make' has modification time 2.9 s in the future]
  ignore line: [Building C object CMakeFiles/cmTC_bc1f9.dir/CMakeCCompilerABI.c.o]
  ignore line: [/usr/bin/cc   -ffunction-sections -fdata-sections -fPIC -m64    -v -std=c11 -o CMakeFiles/cmTC_bc1f9.dir/CMakeCCompilerABI.c.o -c /usr/share/cmake-3.22/Modules/CMakeCCompilerABI.c]
  ignore line: [Using built-in specs.]
  ignore line: [COLLECT_GCC=/usr/bin/cc]
  ignore line: [OFFLOAD_TARGET_NAMES=nvptx-none:amdgcn-amdhsa]
  ignore line: [OFFLOAD_TARGET_DEFAULT=1]
  ignore line: [Target: x86_64-linux-gnu]
  ignore line: [Configured with: ../src/configure -v --with-pkgversion='Ubuntu 11.4.0-1ubuntu1~22.04' --with-bugurl=file:///usr/share/doc/gcc-11/README.Bugs --enable-languages=c ada c++ go brig d fortran objc obj-c++ m2 --prefix=/usr --with-gcc-major-version-only --program-suffix=-11 --program-prefix=x86_64-linux-gnu- --enable-shared --enable-linker-build-id --libexecdir=/usr/lib --without-included-gettext --enable-threads=posix --libdir=/usr/lib --enable-nls --enable-bootstrap --enable-clocale=gnu --enable-libstdcxx-debug --enable-libstdcxx-time=yes --with-default-libstdcxx-abi=new --enable-gnu-unique-object --disable-vtable-verify --enable-plugin --enable-default-pie --with-system-zlib --enable-libphobos-checking=release --with-target-system-zlib=auto --enable-objc-gc=auto --enable-multiarch --disable-werror --enable-cet --with-arch-32=i686 --with-abi=m64 --with-multilib-list=m32 m64 mx32 --enable-multilib --with-tune=generic --enable-offload-targets=nvptx-none=/build/gcc-11-XeT9lY/gcc-11-11.4.0/debian/tmp-nvptx/usr amdgcn-amdhsa=/build/gcc-11-XeT9lY/gcc-11-11.4.0/debian/tmp-gcn/usr --without-cuda-driver --enable-checking=release --build=x86_64-linux-gnu --host=x86_64-linux-gnu --target=x86_64-linux-gnu --with-build-config=bootstrap-lto-lean --enable-link-serialization=2]
  ignore line: [Thread model: posix]
  ignore line: [Supported LTO compression algorithms: zlib zstd]
  ignore line: [gcc version 11.4.0 (Ubuntu 11.4.0-1ubuntu1~22.04) ]
  ignore line: [COLLECT_GCC_OPTIONS='-ffunction-sections' '-fdata-sections' '-fPIC' '-m64' '-v' '-std=c11' '-o' 'CMakeFiles/cmTC_bc1f9.dir/CMakeCCompilerABI.c.o' '-c' '-mtune=generic' '-march=x86-64' '-dumpdir' 'CMakeFiles/cmTC_bc1f9.dir/']
  ignore line: [ /usr/lib/gcc/x86_64-linux-gnu/11/cc1 -quiet -v -imultiarch x86_64-linux-gnu /usr/share/cmake-3.22/Modules/CMakeCCompilerABI.c -quiet -dumpdir CMakeFiles/cmTC_bc1f9.dir/ -dumpbase CMakeCCompilerABI.c.c -dumpbase-ext .c -m64 -mtune=generic -march=x86-64 -std=c11 -version -ffunction-sections -fdata-sections -fPIC -fasynchronous-unwind-tables -fstack-protector-strong -Wformat -Wformat-security -fstack-clash-protection -fcf-protection -o /tmp/cctMn9XS.s]
  ignore line: [GNU C11 (Ubuntu 11.4.0-1ubuntu1~22.04) version 11.4.0 (x86_64-linux-gnu)]
  ignore line: [	compiled by GNU C version 11.4.0  GMP version 6.2.1  MPFR version 4.1.0  MPC version 1.2.1  isl version isl-0.24-GMP]
  ignore line: []
  ignore line: [GGC heuristics: --param ggc-min-expand=100 --param ggc-min-heapsize=131072]
  ignore line: [ignoring nonexistent directory "/usr/local/include/x86_64-linux-gnu"]
  ignore line: [ignoring nonexistent directory "/usr/lib/gcc/x86_64-linux-gnu/11/include-fixed"]
  ignore line: [ignoring nonexistent directory "/usr/lib/gcc/x86_64-linux-gnu/11/../../../../x86_64-linux-gnu/include"]
  ignore line: [#include "..." search starts here:]
  ignore line: [#include <...> search starts here:]
  ignore line: [ /usr/lib/gcc/x86_64-linux-gnu/11/include]
  ignore line: [ /usr/local/include]
  ignore line: [ /usr/include/x86_64-linux-gnu]
  ignore line: [ /usr/include]
  ignore line: [End of search list.]
  ignore line: [GNU C11 (Ubuntu 11.4.0-1ubuntu1~22.04) version 11.4.0 (x86_64-linux-gnu)]
  ignore line: [	compiled by GNU C version 11.4.0  GMP version 6.2.1  MPFR version 4.1.0  MPC version 1.2.1  isl version isl-0.24-GMP]
  ignore line: []
  ignore line: [GGC heuristics: --param ggc-min-expand=100 --param ggc-min-heapsize=131072]
  ignore line: [Compiler executable checksum: 50eaa2331df977b8016186198deb2d18]
  ignore line: [COLLECT_GCC_OPTIONS='-ffunction-sections' '-fdata-sections' '-fPIC' '-m64' '-v' '-std=c11' '-o' 'CMakeFiles/cmTC_bc1f9.dir/CMakeCCompilerABI.c.o' '-c' '-mtune=generic' '-march=x86-64' '-dumpdir' 'CMakeFiles/cmTC_bc1f9.dir/']
  ignore line: [ as -v --64 -o CMakeFiles/cmTC_bc1f9.dir/CMakeCCompilerABI.c.o /tmp/cctMn9XS.s]
  ignore line: [GNU assembler version 2.38 (x86_64-linux-gnu) using BFD version (GNU Binutils for Ubuntu) 2.38]
  ignore line: [COMPILER_PATH=/usr/lib/gcc/x86_64-linux-gnu/11/:/usr/lib/gcc/x86_64-linux-gnu/11/:/usr/lib/gcc/x86_64-linux-gnu/:/usr/lib/gcc/x86_64-linux-gnu/11/:/usr/lib/gcc/x86_64-linux-gnu/]
  ignore line: [LIBRARY_PATH=/usr/lib/gcc/x86_64-linux-gnu/11/:/usr/lib/gcc/x86_64-linux-gnu/11/../../../x86_64-linux-gnu/:/usr/lib/gcc/x86_64-linux-gnu/11/../../../../lib/:/lib/x86_64-linux-gnu/:/lib/../lib/:/usr/lib/x86_64-linux-gnu/:/usr/lib/../lib/:/usr/lib/gcc/x86_64-linux-gnu/11/../../../:/lib/:/usr/lib/]
  ignore line: [COLLECT_GCC_OPTIONS='-ffunction-sections' '-fdata-sections' '-fPIC' '-m64' '-v' '-std=c11' '-o' 'CMakeFiles/cmTC_bc1f9.dir/CMakeCCompilerABI.c.o' '-c' '-mtune=generic' '-march=x86-64' '-dumpdir' 'CMakeFiles/cmTC_bc1f9.dir/CMakeCCompilerABI.c.']
  ignore line: [Linking C executable cmTC_bc1f9]
  ignore line: [/usr/bin/cmake -E cmake_link_script CMakeFiles/cmTC_bc1f9.dir/link.txt --verbose=1]
  ignore line: [/usr/bin/cc  -ffunction-sections -fdata-sections -fPIC -m64   -v CMakeFiles/cmTC_bc1f9.dir/CMakeCCompilerABI.c.o -o cmTC_bc1f9 ]
  ignore line: [Using built-in specs.]
  ignore line: [COLLECT_GCC=/usr/bin/cc]
  ignore line: [COLLECT_LTO_WRAPPER=/usr/lib/gcc/x86_64-linux-gnu/11/lto-wrapper]
  ignore line: [OFFLOAD_TARGET_NAMES=nvptx-none:amdgcn-amdhsa]
  ignore line: [OFFLOAD_TARGET_DEFAULT=1]
  ignore line: [Target: x86_64-linux-gnu]
  ignore line: [Configured with: ../src/configure -v --with-pkgversion='Ubuntu 11.4.0-1ubuntu1~22.04' --with-bugurl=file:///usr/share/doc/gcc-11/README.Bugs --enable-languages=c ada c++ go brig d fortran objc obj-c++ m2 --prefix=/usr --with-gcc-major-version-only --program-suffix=-11 --program-prefix=x86_64-linux-gnu- --enable-shared --enable-linker-build-id --libexecdir=/usr/lib --without-included-gettext --enable-threads=posix --libdir=/usr/lib --enable-nls --enable-bootstrap --enable-clocale=gnu --enable-libstdcxx-debug --enable-libstdcxx-time=yes --with-default-libstdcxx-abi=new --enable-gnu-unique-object --disable-vtable-verify --enable-plugin --enable-default-pie --with-system-zlib --enable-libphobos-checking=release --with-target-system-zlib=auto --enable-objc-gc=auto --enable-multiarch --disable-werror --enable-cet --with-arch-32=i686 --with-abi=m64 --with-multilib-list=m32 m64 mx32 --enable-multilib --with-tune=generic --enable-offload-targets=nvptx-none=/build/gcc-11-XeT9lY/gcc-11-11.4.0/debian/tmp-nvptx/usr amdgcn-amdhsa=/build/gcc-11-XeT9lY/gcc-11-11.4.0/debian/tmp-gcn/usr --without-cuda-driver --enable-checking=release --build=x86_64-linux-gnu --host=x86_64-linux-gnu --target=x86_64-linux-gnu --with-build-config=bootstrap-lto-lean --enable-link-serialization=2]
  ignore line: [Thread model: posix]
  ignore line: [Supported LTO compression algorithms: zlib zstd]
  ignore line: [gcc version 11.4.0 (Ubuntu 11.4.0-1ubuntu1~22.04) ]
  ignore line: [COMPILER_PATH=/usr/lib/gcc/x86_64-linux-gnu/11/:/usr/lib/gcc/x86_64-linux-gnu/11/:/usr/lib/gcc/x86_64-linux-gnu/:/usr/lib/gcc/x86_64-linux-gnu/11/:/usr/lib/gcc/x86_64-linux-gnu/]
  ignore line: [LIBRARY_PATH=/usr/lib/gcc/x86_64-linux-gnu/11/:/usr/lib/gcc/x86_64-linux-gnu/11/../../../x86_64-linux-gnu/:/usr/lib/gcc/x86_64-linux-gnu/11/../../../../lib/:/lib/x86_64-linux-gnu/:/lib/../lib/:/usr/lib/x86_64-linux-gnu/:/usr/lib/../lib/:/usr/lib/gcc/x86_64-linux-gnu/11/../../../:/lib/:/usr/lib/]
  ignore line: [COLLECT_GCC_OPTIONS='-ffunction-sections' '-fdata-sections' '-fPIC' '-m64' '-v' '-o' 'cmTC_bc1f9' '-mtune=generic' '-march=x86-64' '-dumpdir' 'cmTC_bc1f9.']
  link line: [ /usr/lib/gcc/x86_64-linux-gnu/11/collect2 -plugin /usr/lib/gcc/x86_64-linux-gnu/11/liblto_plugin.so -plugin-opt=/usr/lib/gcc/x86_64-linux-gnu/11/lto-wrapper -plugin-opt=-fresolution=/tmp/ccPYsMFP.res -plugin-opt=-pass-through=-lgcc -plugin-opt=-pass-through=-lgcc_s -plugin-opt=-pass-through=-lc -plugin-opt=-pass-through=-lgcc -plugin-opt=-pass-through=-lgcc_s --build-id --eh-frame-hdr -m elf_x86_64 --hash-style=gnu --as-needed -dynamic-linker /lib64/ld-linux-x86-64.so.2 -pie -z now -z relro -o cmTC_bc1f9 /usr/lib/gcc/x86_64-linux-gnu/11/../../../x86_64-linux-gnu/Scrt1.o /usr/lib/gcc/x86_64-linux-gnu/11/../../../x86_64-linux-gnu/crti.o /usr/lib/gcc/x86_64-linux-gnu/11/crtbeginS.o -L/usr/lib/gcc/x86_64-linux-gnu/11 -L/usr/lib/gcc/x86_64-linux-gnu/11/../../../x86_64-linux-gnu -L/usr/lib/gcc/x86_64-linux-gnu/11/../../../../lib -L/lib/x86_64-linux-gnu -L/lib/../lib -L/usr/lib/x86_64-linux-gnu -L/usr/lib/../lib -L/usr/lib/gcc/x86_64-linux-gnu/11/../../.. CMakeFiles/cmTC_bc1f9.dir/CMakeCCompilerABI.c.o -lgcc --push-state --as-needed -lgcc_s --pop-state -lc -lgcc --push-state --as-needed -lgcc_s --pop-state /usr/lib/gcc/x86_64-linux-gnu/11/crtendS.o /usr/lib/gcc/x86_64-linux-gnu/11/../../../x86_64-linux-gnu/crtn.o]
    arg [/usr/lib/gcc/x86_64-linux-gnu/11/collect2] ==> ignore
    arg [-plugin] ==> ignore
    arg [/usr/lib/gcc/x86_64-linux-gnu/11/liblto_plugin.so] ==> ignore
    arg [-plugin-opt=/usr/lib/gcc/x86_64-linux-gnu/11/lto-wrapper] ==> ignore
    arg [-plugin-opt=-fresolution=/tmp/ccPYsMFP.res] ==> ignore
    arg [-plugin-opt=-pass-through=-lgcc] ==> ignore
    arg [-plugin-opt=-pass-through=-lgcc_s] ==> ignore
    arg [-plugin-opt=-pass-through=-lc] ==> ignore
    arg [-plugin-opt=-pass-through=-lgcc] ==> ignore
    arg [-plugin-opt=-pass-through=-lgcc_s] ==> ignore
    arg [--build-id] ==> ignore
    arg [--eh-frame-hdr] ==> ignore
    arg [-m] ==> ignore
    arg [elf_x86_64] ==> ignore
    arg [--hash-style=gnu] ==> ignore
    arg [--as-needed] ==> ignore
    arg [-dynamic-linker] ==> ignore
    arg [/lib64/ld-linux-x86-64.so.2] ==> ignore
    arg [-pie] ==> ignore
    arg [-znow] ==> ignore
    arg [-zrelro] ==> ignore
    arg [-o] ==> ignore
    arg [cmTC_bc1f9] ==> ignore
    arg [/usr/lib/gcc/x86_64-linux-gnu/11/../../../x86_64-linux-gnu/Scrt1.o] ==> obj [/usr/lib/gcc/x86_64-linux-gnu/11/../../../x86_64-linux-gnu/Scrt1.o]
    arg [/usr/lib/gcc/x86_64-linux-gnu/11/../../../x86_64-linux-gnu/crti.o] ==> obj [/usr/lib/gcc/x86_64-linux-gnu/11/../../../x86_64-linux-gnu/crti.o]
    arg [/usr/lib/gcc/x86_64-linux-gnu/11/crtbeginS.o] ==> obj [/usr/lib/gcc/x86_64-linux-gnu/11/crtbeginS.o]
    arg [-L/usr/lib/gcc/x86_64-linux-gnu/11] ==> dir [/usr/lib/gcc/x86_64-linux-gnu/11]
    arg [-L/usr/lib/gcc/x86_64-linux-gnu/11/../../../x86_64-linux-gnu] ==> dir [/usr/lib/gcc/x86_64-linux-gnu/11/../../../x86_64-linux-gnu]
    arg [-L/usr/lib/gcc/x86_64-linux-gnu/11/../../../../lib] ==> dir [/usr/lib/gcc/x86_64-linux-gnu/11/../../../../lib]
    arg [-L/lib/x86_64-linux-gnu] ==> dir [/lib/x86_64-linux-gnu]
    arg [-L/lib/../lib] ==> dir [/lib/../lib]
    arg [-L/usr/lib/x86_64-linux-gnu] ==> dir [/usr/lib/x86_64-linux-gnu]
    arg [-L/usr/lib/../lib] ==> dir [/usr/lib/../lib]
    arg [-L/usr/lib/gcc/x86_64-linux-gnu/11/../../..] ==> dir [/usr/lib/gcc/x86_64-linux-gnu/11/../../..]
    arg [CMakeFiles/cmTC_bc1f9.dir/CMakeCCompilerABI.c.o] ==> ignore
    arg [-lgcc] ==> lib [gcc]
    arg [--push-state] ==> ignore
    arg [--as-needed] ==> ignore
    arg [-lgcc_s] ==> lib [gcc_s]
    arg [--pop-state] ==> ignore
    arg [-lc] ==> lib [c]
    arg [-lgcc] ==> lib [gcc]
    arg [--push-state] ==> ignore
    arg [--as-needed] ==> ignore
    arg [-lgcc_s] ==> lib [gcc_s]
    arg [--pop-state] ==> ignore
    arg [/usr/lib/gcc/x86_64-linux-gnu/11/crtendS.o] ==> obj [/usr/lib/gcc/x86_64-linux-gnu/11/crtendS.o]
    arg [/usr/lib/gcc/x86_64-linux-gnu/11/../../../x86_64-linux-gnu/crtn.o] ==> obj [/usr/lib/gcc/x86_64-linux-gnu/11/../../../x86_64-linux-gnu/crtn.o]
  collapse obj [/usr/lib/gcc/x86_64-linux-gnu/11/../../../x86_64-linux-gnu/Scrt1.o] ==> [/usr/lib/x86_64-linux-gnu/Scrt1.o]
  collapse obj [/usr/lib/gcc/x86_64-linux-gnu/11/../../../x86_64-linux-gnu/crti.o] ==> [/usr/lib/x86_64-linux-gnu/crti.o]
  collapse obj [/usr/lib/gcc/x86_64-linux-gnu/11/../../../x86_64-linux-gnu/crtn.o] ==> [/usr/lib/x86_64-linux-gnu/crtn.o]
  collapse library dir [/usr/lib/gcc/x86_64-linux-gnu/11] ==> [/usr/lib/gcc/x86_64-linux-gnu/11]
  collapse library dir [/usr/lib/gcc/x86_64-linux-gnu/11/../../../x86_64-linux-gnu] ==> [/usr/lib/x86_64-linux-gnu]
  collapse library dir [/usr/lib/gcc/x86_64-linux-gnu/11/../../../../lib] ==> [/usr/lib]
  collapse library dir [/lib/x86_64-linux-gnu] ==> [/lib/x86_64-linux-gnu]
  collapse library dir [/lib/../lib] ==> [/lib]
  collapse library dir [/usr/lib/x86_64-linux-gnu] ==> [/usr/lib/x86_64-linux-gnu]
  collapse library dir [/usr/lib/../lib] ==> [/usr/lib]
  collapse library dir [/usr/lib/gcc/x86_64-linux-gnu/11/../../..] ==> [/usr/lib]
  implicit libs: [gcc;gcc_s;c;gcc;gcc_s]
  implicit objs: [/usr/lib/x86_64-linux-gnu/Scrt1.o;/usr/lib/x86_64-linux-gnu/crti.o;/usr/lib/gcc/x86_64-linux-gnu/11/crtbeginS.o;/usr/lib/gcc/x86_64-linux-gnu/11/crtendS.o;/usr/lib/x86_64-linux-gnu/crtn.o]
  implicit dirs: [/usr/lib/gcc/x86_64-linux-gnu/11;/usr/lib/x86_64-linux-gnu;/usr/lib;/lib/x86_64-linux-gnu;/lib]
  implicit fwks: []


Performing C SOURCE FILE Test FNO_LTO_AVAILABLE succeeded with the following output:
Change Dir: /mnt/hgfs/lishuangshuang/pipeline/learning/rust/bamtag/target/debug/build/libz-sys-b1db84f86c238c0e/out/build/CMakeFiles/CMakeTmp

Run Build Command(s):/usr/bin/gmake -f Makefile cmTC_246c2/fast && gmake: Warning: File 'Makefile' has modification time 3.6 s in the future
/usr/bin/gmake  -f CMakeFiles/cmTC_246c2.dir/build.make CMakeFiles/cmTC_246c2.dir/build
gmake[1]: Entering directory '/mnt/hgfs/lishuangshuang/pipeline/learning/rust/bamtag/target/debug/build/libz-sys-b1db84f86c238c0e/out/build/CMakeFiles/CMakeTmp'
gmake[1]: Warning: File 'CMakeFiles/cmTC_246c2.dir/flags.make' has modification time 3.5 s in the future
Building C object CMakeFiles/cmTC_246c2.dir/src.c.o
/usr/bin/cc -DFNO_LTO_AVAILABLE  -ffunction-sections -fdata-sections -fPIC -m64 -fno-lto -std=c11 -o CMakeFiles/cmTC_246c2.dir/src.c.o -c /mnt/hgfs/lishuangshuang/pipeline/learning/rust/bamtag/target/debug/build/libz-sys-b1db84f86c238c0e/out/build/CMakeFiles/CMakeTmp/src.c
Linking C executable cmTC_246c2
/usr/bin/cmake -E cmake_link_script CMakeFiles/cmTC_246c2.dir/link.txt --verbose=1
/usr/bin/cc  -ffunction-sections -fdata-sections -fPIC -m64 -fno-lto CMakeFiles/cmTC_246c2.dir/src.c.o -o cmTC_246c2 
gmake[1]: warning:  Clock skew detected.  Your build may be incomplete.
gmake[1]: Leaving directory '/mnt/hgfs/lishuangshuang/pipeline/learning/rust/bamtag/target/debug/build/libz-sys-b1db84f86c238c0e/out/build/CMakeFiles/CMakeTmp'
gmake: warning:  Clock skew detected.  Your build may be incomplete.


Source file was:
int main() { return 0; }
Determining if the include file sys/auxv.h exists passed with the following output:
Change Dir: /mnt/hgfs/lishuangshuang/pipeline/learning/rust/bamtag/target/debug/build/libz-sys-b1db84f86c238c0e/out/build/CMakeFiles/CMakeTmp

Run Build Command(s):/usr/bin/gmake -f Makefile cmTC_041dd/fast && gmake: Warning: File 'Makefile' has modification time 3.2 s in the future
/usr/bin/gmake  -f CMakeFiles/cmTC_041dd.dir/build.make CMakeFiles/cmTC_041dd.dir/build
gmake[1]: Entering directory '/mnt/hgfs/lishuangshuang/pipeline/learning/rust/bamtag/target/debug/build/libz-sys-b1db84f86c238c0e/out/build/CMakeFiles/CMakeTmp'
gmake[1]: Warning: File 'CMakeFiles/cmTC_041dd.dir/flags.make' has modification time 3.1 s in the future
Building C object CMakeFiles/cmTC_041dd.dir/CheckIncludeFile.c.o
/usr/bin/cc   -ffunction-sections -fdata-sections -fPIC -m64  -std=c11 -o CMakeFiles/cmTC_041dd.dir/CheckIncludeFile.c.o -c /mnt/hgfs/lishuangshuang/pipeline/learning/rust/bamtag/target/debug/build/libz-sys-b1db84f86c238c0e/out/build/CMakeFiles/CMakeTmp/CheckIncludeFile.c
Linking C executable cmTC_041dd
/usr/bin/cmake -E cmake_link_script CMakeFiles/cmTC_041dd.dir/link.txt --verbose=1
/usr/bin/cc  -ffunction-sections -fdata-sections -fPIC -m64  CMakeFiles/cmTC_041dd.dir/CheckIncludeFile.c.o -o cmTC_041dd 
gmake[1]: warning:  Clock skew detected.  Your build may be incomplete.
gmake[1]: Leaving directory '/mnt/hgfs/lishuangshuang/pipeline/learning/rust/bamtag/target/debug/build/libz-sys-b1db84f86c238c0e/out/build/CMakeFiles/CMakeTmp'
gmake: warning:  Clock skew detected.  Your build may be incomplete.



Determining if the include file unistd.h exists passed with the following output:
Change Dir: /mnt/hgfs/lishuangshuang/pipeline/learning/rust/bamtag/target/debug/build/libz-sys-b1db84f86c238c0e/out/build/CMakeFiles/CMakeTmp

Run Build Command(s):/usr/bin/gmake -f Makefile cmTC_35556/fast && gmake: Warning: File 'Makefile' has modification time 3.7 s in the future
/usr/bin/gmake  -f CMakeFiles/cmTC_35556.dir/build.make CMakeFiles/cmTC_35556.dir/build
gmake[1]: Entering directory '/mnt/hgfs/lishuangshuang/pipeline/learning/rust/bamtag/target/debug/build/libz-sys-b1db84f86c238c0e/out/build/CMakeFiles/CMakeTmp'
gmake[1]: Warning: File 'CMakeFiles/cmTC_35556.dir/flags.make' has modification time 3.6 s in the future
Building C object CMakeFiles/cmTC_35556.dir/CheckIncludeFile.c.o
/usr/bin/cc   -ffunction-sections -fdata-sections -fPIC -m64  -std=c11 -o CMakeFiles/cmTC_35556.dir/CheckIncludeFile.c.o -c /mnt/hgfs/lishuangshuang/pipeline/learning/rust/bamtag/target/debug/build/libz-sys-b1db84f86c238c0e/out/build/CMakeFiles/CMakeTmp/CheckIncludeFile.c
Linking C executable cmTC_35556
/usr/bin/cmake -E cmake_link_script CMakeFiles/cmTC_35556.dir/link.txt --verbose=1
/usr/bin/cc  -ffunction-sections -fdata-sections -fPIC -m64  CMakeFiles/cmTC_35556.dir/CheckIncludeFile.c.o -o cmTC_35556 
gmake[1]: warning:  Clock skew detected.  Your build may be incomplete.
gmake[1]: Leaving directory '/mnt/hgfs/lishuangshuang/pipeline/learning/rust/bamtag/target/debug/build/libz-sys-b1db84f86c238c0e/out/build/CMakeFiles/CMakeTmp'
gmake: warning:  Clock skew detected.  Your build may be incomplete.



Determining if the include file sys/types.h exists passed with the following output:
Change Dir: /mnt/hgfs/lishuangshuang/pipeline/learning/rust/bamtag/target/debug/build/libz-sys-b1db84f86c238c0e/out/build/CMakeFiles/CMakeTmp

Run Build Command(s):/usr/bin/gmake -f Makefile cmTC_87bac/fast && gmake: Warning: File 'Makefile' has modification time 3.4 s in the future
/usr/bin/gmake  -f CMakeFiles/cmTC_87bac.dir/build.make CMakeFiles/cmTC_87bac.dir/build
gmake[1]: Entering directory '/mnt/hgfs/lishuangshuang/pipeline/learning/rust/bamtag/target/debug/build/libz-sys-b1db84f86c238c0e/out/build/CMakeFiles/CMakeTmp'
gmake[1]: Warning: File 'CMakeFiles/cmTC_87bac.dir/flags.make' has modification time 3.3 s in the future
Building C object CMakeFiles/cmTC_87bac.dir/CheckIncludeFile.c.o
/usr/bin/cc -D_LARGEFILE64_SOURCE=1 -D__USE_LARGEFILE64  -ffunction-sections -fdata-sections -fPIC -m64  -std=c11 -o CMakeFiles/cmTC_87bac.dir/CheckIncludeFile.c.o -c /mnt/hgfs/lishuangshuang/pipeline/learning/rust/bamtag/target/debug/build/libz-sys-b1db84f86c238c0e/out/build/CMakeFiles/CMakeTmp/CheckIncludeFile.c
Linking C executable cmTC_87bac
/usr/bin/cmake -E cmake_link_script CMakeFiles/cmTC_87bac.dir/link.txt --verbose=1
/usr/bin/cc  -ffunction-sections -fdata-sections -fPIC -m64  CMakeFiles/cmTC_87bac.dir/CheckIncludeFile.c.o -o cmTC_87bac 
gmake[1]: warning:  Clock skew detected.  Your build may be incomplete.
gmake[1]: Leaving directory '/mnt/hgfs/lishuangshuang/pipeline/learning/rust/bamtag/target/debug/build/libz-sys-b1db84f86c238c0e/out/build/CMakeFiles/CMakeTmp'
gmake: warning:  Clock skew detected.  Your build may be incomplete.



Determining if the include file stdint.h exists passed with the following output:
Change Dir: /mnt/hgfs/lishuangshuang/pipeline/learning/rust/bamtag/target/debug/build/libz-sys-b1db84f86c238c0e/out/build/CMakeFiles/CMakeTmp

Run Build Command(s):/usr/bin/gmake -f Makefile cmTC_37caa/fast && gmake: Warning: File 'Makefile' has modification time 3.2 s in the future
/usr/bin/gmake  -f CMakeFiles/cmTC_37caa.dir/build.make CMakeFiles/cmTC_37caa.dir/build
gmake[1]: Entering directory '/mnt/hgfs/lishuangshuang/pipeline/learning/rust/bamtag/target/debug/build/libz-sys-b1db84f86c238c0e/out/build/CMakeFiles/CMakeTmp'
gmake[1]: Warning: File 'CMakeFiles/cmTC_37caa.dir/flags.make' has modification time 3.1 s in the future
Building C object CMakeFiles/cmTC_37caa.dir/CheckIncludeFile.c.o
/usr/bin/cc -D_LARGEFILE64_SOURCE=1 -D__USE_LARGEFILE64  -ffunction-sections -fdata-sections -fPIC -m64  -std=c11 -o CMakeFiles/cmTC_37caa.dir/CheckIncludeFile.c.o -c /mnt/hgfs/lishuangshuang/pipeline/learning/rust/bamtag/target/debug/build/libz-sys-b1db84f86c238c0e/out/build/CMakeFiles/CMakeTmp/CheckIncludeFile.c
Linking C executable cmTC_37caa
/usr/bin/cmake -E cmake_link_script CMakeFiles/cmTC_37caa.dir/link.txt --verbose=1
/usr/bin/cc  -ffunction-sections -fdata-sections -fPIC -m64  CMakeFiles/cmTC_37caa.dir/CheckIncludeFile.c.o -o cmTC_37caa 
gmake[1]: warning:  Clock skew detected.  Your build may be incomplete.
gmake[1]: Leaving directory '/mnt/hgfs/lishuangshuang/pipeline/learning/rust/bamtag/target/debug/build/libz-sys-b1db84f86c238c0e/out/build/CMakeFiles/CMakeTmp'
gmake: warning:  Clock skew detected.  Your build may be incomplete.



Determining if the include file stddef.h exists passed with the following output:
Change Dir: /mnt/hgfs/lishuangshuang/pipeline/learning/rust/bamtag/target/debug/build/libz-sys-b1db84f86c238c0e/out/build/CMakeFiles/CMakeTmp

Run Build Command(s):/usr/bin/gmake -f Makefile cmTC_c450c/fast && gmake: Warning: File 'Makefile' has modification time 2.8 s in the future
/usr/bin/gmake  -f CMakeFiles/cmTC_c450c.dir/build.make CMakeFiles/cmTC_c450c.dir/build
gmake[1]: Entering directory '/mnt/hgfs/lishuangshuang/pipeline/learning/rust/bamtag/target/debug/build/libz-sys-b1db84f86c238c0e/out/build/CMakeFiles/CMakeTmp'
gmake[1]: Warning: File 'CMakeFiles/cmTC_c450c.dir/flags.make' has modification time 2.7 s in the future
Building C object CMakeFiles/cmTC_c450c.dir/CheckIncludeFile.c.o
/usr/bin/cc -D_LARGEFILE64_SOURCE=1 -D__USE_LARGEFILE64  -ffunction-sections -fdata-sections -fPIC -m64  -std=c11 -o CMakeFiles/cmTC_c450c.dir/CheckIncludeFile.c.o -c /mnt/hgfs/lishuangshuang/pipeline/learning/rust/bamtag/target/debug/build/libz-sys-b1db84f86c238c0e/out/build/CMakeFiles/CMakeTmp/CheckIncludeFile.c
Linking C executable cmTC_c450c
/usr/bin/cmake -E cmake_link_script CMakeFiles/cmTC_c450c.dir/link.txt --verbose=1
/usr/bin/cc  -ffunction-sections -fdata-sections -fPIC -m64  CMakeFiles/cmTC_c450c.dir/CheckIncludeFile.c.o -o cmTC_c450c 
gmake[1]: warning:  Clock skew detected.  Your build may be incomplete.
gmake[1]: Leaving directory '/mnt/hgfs/lishuangshuang/pipeline/learning/rust/bamtag/target/debug/build/libz-sys-b1db84f86c238c0e/out/build/CMakeFiles/CMakeTmp'
gmake: warning:  Clock skew detected.  Your build may be incomplete.



Determining size of off64_t passed with the following output:
Change Dir: /mnt/hgfs/lishuangshuang/pipeline/learning/rust/bamtag/target/debug/build/libz-sys-b1db84f86c238c0e/out/build/CMakeFiles/CMakeTmp

Run Build Command(s):/usr/bin/gmake -f Makefile cmTC_a9f4d/fast && gmake: Warning: File 'Makefile' has modification time 3.5 s in the future
/usr/bin/gmake  -f CMakeFiles/cmTC_a9f4d.dir/build.make CMakeFiles/cmTC_a9f4d.dir/build
gmake[1]: Entering directory '/mnt/hgfs/lishuangshuang/pipeline/learning/rust/bamtag/target/debug/build/libz-sys-b1db84f86c238c0e/out/build/CMakeFiles/CMakeTmp'
gmake[1]: Warning: File 'CMakeFiles/cmTC_a9f4d.dir/flags.make' has modification time 3.4 s in the future
Building C object CMakeFiles/cmTC_a9f4d.dir/OFF64_T.c.o
/usr/bin/cc -D_LARGEFILE64_SOURCE=1 -D__USE_LARGEFILE64  -ffunction-sections -fdata-sections -fPIC -m64  -std=c11 -o CMakeFiles/cmTC_a9f4d.dir/OFF64_T.c.o -c /mnt/hgfs/lishuangshuang/pipeline/learning/rust/bamtag/target/debug/build/libz-sys-b1db84f86c238c0e/out/build/CMakeFiles/CheckTypeSize/OFF64_T.c
Linking C executable cmTC_a9f4d
/usr/bin/cmake -E cmake_link_script CMakeFiles/cmTC_a9f4d.dir/link.txt --verbose=1
/usr/bin/cc  -ffunction-sections -fdata-sections -fPIC -m64  CMakeFiles/cmTC_a9f4d.dir/OFF64_T.c.o -o cmTC_a9f4d 
gmake[1]: warning:  Clock skew detected.  Your build may be incomplete.
gmake[1]: Leaving directory '/mnt/hgfs/lishuangshuang/pipeline/learning/rust/bamtag/target/debug/build/libz-sys-b1db84f86c238c0e/out/build/CMakeFiles/CMakeTmp'
gmake: warning:  Clock skew detected.  Your build may be incomplete.



Determining if the function fseeko exists passed with the following output:
Change Dir: /mnt/hgfs/lishuangshuang/pipeline/learning/rust/bamtag/target/debug/build/libz-sys-b1db84f86c238c0e/out/build/CMakeFiles/CMakeTmp

Run Build Command(s):/usr/bin/gmake -f Makefile cmTC_c164e/fast && gmake: Warning: File 'Makefile' has modification time 3.1 s in the future
/usr/bin/gmake  -f CMakeFiles/cmTC_c164e.dir/build.make CMakeFiles/cmTC_c164e.dir/build
gmake[1]: Entering directory '/mnt/hgfs/lishuangshuang/pipeline/learning/rust/bamtag/target/debug/build/libz-sys-b1db84f86c238c0e/out/build/CMakeFiles/CMakeTmp'
gmake[1]: Warning: File 'CMakeFiles/cmTC_c164e.dir/flags.make' has modification time 3.1 s in the future
Building C object CMakeFiles/cmTC_c164e.dir/CheckFunctionExists.c.o
/usr/bin/cc   -ffunction-sections -fdata-sections -fPIC -m64 -DCHECK_FUNCTION_EXISTS=fseeko -std=c11 -o CMakeFiles/cmTC_c164e.dir/CheckFunctionExists.c.o -c /usr/share/cmake-3.22/Modules/CheckFunctionExists.c
Linking C executable cmTC_c164e
/usr/bin/cmake -E cmake_link_script CMakeFiles/cmTC_c164e.dir/link.txt --verbose=1
/usr/bin/cc  -ffunction-sections -fdata-sections -fPIC -m64 -DCHECK_FUNCTION_EXISTS=fseeko CMakeFiles/cmTC_c164e.dir/CheckFunctionExists.c.o -o cmTC_c164e 
gmake[1]: warning:  Clock skew detected.  Your build may be incomplete.
gmake[1]: Leaving directory '/mnt/hgfs/lishuangshuang/pipeline/learning/rust/bamtag/target/debug/build/libz-sys-b1db84f86c238c0e/out/build/CMakeFiles/CMakeTmp'
gmake: warning:  Clock skew detected.  Your build may be incomplete.



Determining if the function strerror exists passed with the following output:
Change Dir: /mnt/hgfs/lishuangshuang/pipeline/learning/rust/bamtag/target/debug/build/libz-sys-b1db84f86c238c0e/out/build/CMakeFiles/CMakeTmp

Run Build Command(s):/usr/bin/gmake -f Makefile cmTC_c5898/fast && gmake: Warning: File 'Makefile' has modification time 3.5 s in the future
/usr/bin/gmake  -f CMakeFiles/cmTC_c5898.dir/build.make CMakeFiles/cmTC_c5898.dir/build
gmake[1]: Entering directory '/mnt/hgfs/lishuangshuang/pipeline/learning/rust/bamtag/target/debug/build/libz-sys-b1db84f86c238c0e/out/build/CMakeFiles/CMakeTmp'
gmake[1]: Warning: File 'CMakeFiles/cmTC_c5898.dir/flags.make' has modification time 3.4 s in the future
Building C object CMakeFiles/cmTC_c5898.dir/CheckFunctionExists.c.o
/usr/bin/cc   -ffunction-sections -fdata-sections -fPIC -m64 -DCHECK_FUNCTION_EXISTS=strerror -std=c11 -o CMakeFiles/cmTC_c5898.dir/CheckFunctionExists.c.o -c /usr/share/cmake-3.22/Modules/CheckFunctionExists.c
Linking C executable cmTC_c5898
/usr/bin/cmake -E cmake_link_script CMakeFiles/cmTC_c5898.dir/link.txt --verbose=1
/usr/bin/cc  -ffunction-sections -fdata-sections -fPIC -m64 -DCHECK_FUNCTION_EXISTS=strerror CMakeFiles/cmTC_c5898.dir/CheckFunctionExists.c.o -o cmTC_c5898 
gmake[1]: warning:  Clock skew detected.  Your build may be incomplete.
gmake[1]: Leaving directory '/mnt/hgfs/lishuangshuang/pipeline/learning/rust/bamtag/target/debug/build/libz-sys-b1db84f86c238c0e/out/build/CMakeFiles/CMakeTmp'
gmake: warning:  Clock skew detected.  Your build may be incomplete.



Determining if the posix_memalign exist passed with the following output:
Change Dir: /mnt/hgfs/lishuangshuang/pipeline/learning/rust/bamtag/target/debug/build/libz-sys-b1db84f86c238c0e/out/build/CMakeFiles/CMakeTmp

Run Build Command(s):/usr/bin/gmake -f Makefile cmTC_23c9e/fast && gmake: Warning: File 'Makefile' has modification time 3.1 s in the future
/usr/bin/gmake  -f CMakeFiles/cmTC_23c9e.dir/build.make CMakeFiles/cmTC_23c9e.dir/build
gmake[1]: Entering directory '/mnt/hgfs/lishuangshuang/pipeline/learning/rust/bamtag/target/debug/build/libz-sys-b1db84f86c238c0e/out/build/CMakeFiles/CMakeTmp'
gmake[1]: Warning: File 'CMakeFiles/cmTC_23c9e.dir/flags.make' has modification time 3 s in the future
Building C object CMakeFiles/cmTC_23c9e.dir/CheckSymbolExists.c.o
/usr/bin/cc -D_POSIX_C_SOURCE=200112L  -ffunction-sections -fdata-sections -fPIC -m64  -std=c11 -o CMakeFiles/cmTC_23c9e.dir/CheckSymbolExists.c.o -c /mnt/hgfs/lishuangshuang/pipeline/learning/rust/bamtag/target/debug/build/libz-sys-b1db84f86c238c0e/out/build/CMakeFiles/CMakeTmp/CheckSymbolExists.c
Linking C executable cmTC_23c9e
/usr/bin/cmake -E cmake_link_script CMakeFiles/cmTC_23c9e.dir/link.txt --verbose=1
/usr/bin/cc  -ffunction-sections -fdata-sections -fPIC -m64  CMakeFiles/cmTC_23c9e.dir/CheckSymbolExists.c.o -o cmTC_23c9e 
gmake[1]: warning:  Clock skew detected.  Your build may be incomplete.
gmake[1]: Leaving directory '/mnt/hgfs/lishuangshuang/pipeline/learning/rust/bamtag/target/debug/build/libz-sys-b1db84f86c238c0e/out/build/CMakeFiles/CMakeTmp'
gmake: warning:  Clock skew detected.  Your build may be incomplete.


File /mnt/hgfs/lishuangshuang/pipeline/learning/rust/bamtag/target/debug/build/libz-sys-b1db84f86c238c0e/out/build/CMakeFiles/CMakeTmp/CheckSymbolExists.c:
/* */
#include <stdlib.h>

int main(int argc, char** argv)
{
  (void)argv;
#ifndef posix_memalign
  return ((int*)(&posix_memalign))[argc];
#else
  (void)argc;
  return 0;
#endif
}
Determining if the aligned_alloc exist passed with the following output:
Change Dir: /mnt/hgfs/lishuangshuang/pipeline/learning/rust/bamtag/target/debug/build/libz-sys-b1db84f86c238c0e/out/build/CMakeFiles/CMakeTmp

Run Build Command(s):/usr/bin/gmake -f Makefile cmTC_2c050/fast && gmake: Warning: File 'Makefile' has modification time 3.7 s in the future
/usr/bin/gmake  -f CMakeFiles/cmTC_2c050.dir/build.make CMakeFiles/cmTC_2c050.dir/build
gmake[1]: Entering directory '/mnt/hgfs/lishuangshuang/pipeline/learning/rust/bamtag/target/debug/build/libz-sys-b1db84f86c238c0e/out/build/CMakeFiles/CMakeTmp'
gmake[1]: Warning: File 'CMakeFiles/cmTC_2c050.dir/flags.make' has modification time 3.6 s in the future
Building C object CMakeFiles/cmTC_2c050.dir/CheckSymbolExists.c.o
/usr/bin/cc -D_ISOC11_SOURCE=1  -ffunction-sections -fdata-sections -fPIC -m64  -std=c11 -o CMakeFiles/cmTC_2c050.dir/CheckSymbolExists.c.o -c /mnt/hgfs/lishuangshuang/pipeline/learning/rust/bamtag/target/debug/build/libz-sys-b1db84f86c238c0e/out/build/CMakeFiles/CMakeTmp/CheckSymbolExists.c
Linking C executable cmTC_2c050
/usr/bin/cmake -E cmake_link_script CMakeFiles/cmTC_2c050.dir/link.txt --verbose=1
/usr/bin/cc  -ffunction-sections -fdata-sections -fPIC -m64  CMakeFiles/cmTC_2c050.dir/CheckSymbolExists.c.o -o cmTC_2c050 
gmake[1]: warning:  Clock skew detected.  Your build may be incomplete.
gmake[1]: Leaving directory '/mnt/hgfs/lishuangshuang/pipeline/learning/rust/bamtag/target/debug/build/libz-sys-b1db84f86c238c0e/out/build/CMakeFiles/CMakeTmp'
gmake: warning:  Clock skew detected.  Your build may be incomplete.


File /mnt/hgfs/lishuangshuang/pipeline/learning/rust/bamtag/target/debug/build/libz-sys-b1db84f86c238c0e/out/build/CMakeFiles/CMakeTmp/CheckSymbolExists.c:
/* */
#include <stdlib.h>

int main(int argc, char** argv)
{
  (void)argv;
#ifndef aligned_alloc
  return ((int*)(&aligned_alloc))[argc];
#else
  (void)argc;
  return 0;
#endif
}
Performing C SOURCE FILE Test HAVE_NO_INTERPOSITION succeeded with the following output:
Change Dir: /mnt/hgfs/lishuangshuang/pipeline/learning/rust/bamtag/target/debug/build/libz-sys-b1db84f86c238c0e/out/build/CMakeFiles/CMakeTmp

Run Build Command(s):/usr/bin/gmake -f Makefile cmTC_cfb88/fast && gmake: Warning: File 'Makefile' has modification time 3.4 s in the future
/usr/bin/gmake  -f CMakeFiles/cmTC_cfb88.dir/build.make CMakeFiles/cmTC_cfb88.dir/build
gmake[1]: Entering directory '/mnt/hgfs/lishuangshuang/pipeline/learning/rust/bamtag/target/debug/build/libz-sys-b1db84f86c238c0e/out/build/CMakeFiles/CMakeTmp'
gmake[1]: Warning: File 'CMakeFiles/cmTC_cfb88.dir/flags.make' has modification time 3.3 s in the future
Building C object CMakeFiles/cmTC_cfb88.dir/src.c.o
/usr/bin/cc -DHAVE_NO_INTERPOSITION  -ffunction-sections -fdata-sections -fPIC -m64    -fno-semantic-interposition -std=c11 -o CMakeFiles/cmTC_cfb88.dir/src.c.o -c /mnt/hgfs/lishuangshuang/pipeline/learning/rust/bamtag/target/debug/build/libz-sys-b1db84f86c238c0e/out/build/CMakeFiles/CMakeTmp/src.c
Linking C executable cmTC_cfb88
/usr/bin/cmake -E cmake_link_script CMakeFiles/cmTC_cfb88.dir/link.txt --verbose=1
/usr/bin/cc  -ffunction-sections -fdata-sections -fPIC -m64  CMakeFiles/cmTC_cfb88.dir/src.c.o -o cmTC_cfb88 
gmake[1]: warning:  Clock skew detected.  Your build may be incomplete.
gmake[1]: Leaving directory '/mnt/hgfs/lishuangshuang/pipeline/learning/rust/bamtag/target/debug/build/libz-sys-b1db84f86c238c0e/out/build/CMakeFiles/CMakeTmp'
gmake: warning:  Clock skew detected.  Your build may be incomplete.


Source file was:
int main(void) { return 0; }
Performing C SOURCE FILE Test HAVE_ATTRIBUTE_VISIBILITY_HIDDEN succeeded with the following output:
Change Dir: /mnt/hgfs/lishuangshuang/pipeline/learning/rust/bamtag/target/debug/build/libz-sys-b1db84f86c238c0e/out/build/CMakeFiles/CMakeTmp

Run Build Command(s):/usr/bin/gmake -f Makefile cmTC_1c5c6/fast && gmake: Warning: File 'Makefile' has modification time 3.3 s in the future
/usr/bin/gmake  -f CMakeFiles/cmTC_1c5c6.dir/build.make CMakeFiles/cmTC_1c5c6.dir/build
gmake[1]: Entering directory '/mnt/hgfs/lishuangshuang/pipeline/learning/rust/bamtag/target/debug/build/libz-sys-b1db84f86c238c0e/out/build/CMakeFiles/CMakeTmp'
gmake[1]: Warning: File 'CMakeFiles/cmTC_1c5c6.dir/flags.make' has modification time 3.3 s in the future
Building C object CMakeFiles/cmTC_1c5c6.dir/src.c.o
/usr/bin/cc -DHAVE_ATTRIBUTE_VISIBILITY_HIDDEN  -ffunction-sections -fdata-sections -fPIC -m64  -std=c11 -o CMakeFiles/cmTC_1c5c6.dir/src.c.o -c /mnt/hgfs/lishuangshuang/pipeline/learning/rust/bamtag/target/debug/build/libz-sys-b1db84f86c238c0e/out/build/CMakeFiles/CMakeTmp/src.c
Linking C executable cmTC_1c5c6
/usr/bin/cmake -E cmake_link_script CMakeFiles/cmTC_1c5c6.dir/link.txt --verbose=1
/usr/bin/cc  -ffunction-sections -fdata-sections -fPIC -m64  CMakeFiles/cmTC_1c5c6.dir/src.c.o -o cmTC_1c5c6 
gmake[1]: warning:  Clock skew detected.  Your build may be incomplete.
gmake[1]: Leaving directory '/mnt/hgfs/lishuangshuang/pipeline/learning/rust/bamtag/target/debug/build/libz-sys-b1db84f86c238c0e/out/build/CMakeFiles/CMakeTmp'
gmake: warning:  Clock skew detected.  Your build may be incomplete.


Source file was:
#define Z_INTERNAL __attribute__((visibility ("hidden")))
    int Z_INTERNAL foo;
    int main() {
        return 0;
    }
Performing C SOURCE FILE Test HAVE_ATTRIBUTE_VISIBILITY_INTERNAL succeeded with the following output:
Change Dir: /mnt/hgfs/lishuangshuang/pipeline/learning/rust/bamtag/target/debug/build/libz-sys-b1db84f86c238c0e/out/build/CMakeFiles/CMakeTmp

Run Build Command(s):/usr/bin/gmake -f Makefile cmTC_24049/fast && gmake: Warning: File 'Makefile' has modification time 3.2 s in the future
/usr/bin/gmake  -f CMakeFiles/cmTC_24049.dir/build.make CMakeFiles/cmTC_24049.dir/build
gmake[1]: Entering directory '/mnt/hgfs/lishuangshuang/pipeline/learning/rust/bamtag/target/debug/build/libz-sys-b1db84f86c238c0e/out/build/CMakeFiles/CMakeTmp'
gmake[1]: Warning: File 'CMakeFiles/cmTC_24049.dir/flags.make' has modification time 3.1 s in the future
Building C object CMakeFiles/cmTC_24049.dir/src.c.o
/usr/bin/cc -DHAVE_ATTRIBUTE_VISIBILITY_INTERNAL  -ffunction-sections -fdata-sections -fPIC -m64  -std=c11 -o CMakeFiles/cmTC_24049.dir/src.c.o -c /mnt/hgfs/lishuangshuang/pipeline/learning/rust/bamtag/target/debug/build/libz-sys-b1db84f86c238c0e/out/build/CMakeFiles/CMakeTmp/src.c
Linking C executable cmTC_24049
/usr/bin/cmake -E cmake_link_script CMakeFiles/cmTC_24049.dir/link.txt --verbose=1
/usr/bin/cc  -ffunction-sections -fdata-sections -fPIC -m64  CMakeFiles/cmTC_24049.dir/src.c.o -o cmTC_24049 
gmake[1]: warning:  Clock skew detected.  Your build may be incomplete.
gmake[1]: Leaving directory '/mnt/hgfs/lishuangshuang/pipeline/learning/rust/bamtag/target/debug/build/libz-sys-b1db84f86c238c0e/out/build/CMakeFiles/CMakeTmp'
gmake: warning:  Clock skew detected.  Your build may be incomplete.


Source file was:
#define Z_INTERNAL __attribute__((visibility ("internal")))
    int Z_INTERNAL foo;
    int main() {
        return 0;
    }
Performing C SOURCE FILE Test HAVE_ATTRIBUTE_ALIGNED succeeded with the following output:
Change Dir: /mnt/hgfs/lishuangshuang/pipeline/learning/rust/bamtag/target/debug/build/libz-sys-b1db84f86c238c0e/out/build/CMakeFiles/CMakeTmp

Run Build Command(s):/usr/bin/gmake -f Makefile cmTC_fbfb4/fast && gmake: Warning: File 'Makefile' has modification time 3.8 s in the future
/usr/bin/gmake  -f CMakeFiles/cmTC_fbfb4.dir/build.make CMakeFiles/cmTC_fbfb4.dir/build
gmake[1]: Entering directory '/mnt/hgfs/lishuangshuang/pipeline/learning/rust/bamtag/target/debug/build/libz-sys-b1db84f86c238c0e/out/build/CMakeFiles/CMakeTmp'
gmake[1]: Warning: File 'CMakeFiles/cmTC_fbfb4.dir/flags.make' has modification time 3.7 s in the future
Building C object CMakeFiles/cmTC_fbfb4.dir/src.c.o
/usr/bin/cc -DHAVE_ATTRIBUTE_ALIGNED  -ffunction-sections -fdata-sections -fPIC -m64  -std=c11 -o CMakeFiles/cmTC_fbfb4.dir/src.c.o -c /mnt/hgfs/lishuangshuang/pipeline/learning/rust/bamtag/target/debug/build/libz-sys-b1db84f86c238c0e/out/build/CMakeFiles/CMakeTmp/src.c
Linking C executable cmTC_fbfb4
/usr/bin/cmake -E cmake_link_script CMakeFiles/cmTC_fbfb4.dir/link.txt --verbose=1
/usr/bin/cc  -ffunction-sections -fdata-sections -fPIC -m64  CMakeFiles/cmTC_fbfb4.dir/src.c.o -o cmTC_fbfb4 
gmake[1]: warning:  Clock skew detected.  Your build may be incomplete.
gmake[1]: Leaving directory '/mnt/hgfs/lishuangshuang/pipeline/learning/rust/bamtag/target/debug/build/libz-sys-b1db84f86c238c0e/out/build/CMakeFiles/CMakeTmp'
gmake: warning:  Clock skew detected.  Your build may be incomplete.


Source file was:
int main(void) {
        __attribute__((aligned(8))) int test = 0;
        (void)test;
        return 0;
    }
Performing C SOURCE FILE Test HAVE_BUILTIN_CTZ succeeded with the following output:
Change Dir: /mnt/hgfs/lishuangshuang/pipeline/learning/rust/bamtag/target/debug/build/libz-sys-b1db84f86c238c0e/out/build/CMakeFiles/CMakeTmp

Run Build Command(s):/usr/bin/gmake -f Makefile cmTC_33f00/fast && gmake: Warning: File 'Makefile' has modification time 3.3 s in the future
/usr/bin/gmake  -f CMakeFiles/cmTC_33f00.dir/build.make CMakeFiles/cmTC_33f00.dir/build
gmake[1]: Entering directory '/mnt/hgfs/lishuangshuang/pipeline/learning/rust/bamtag/target/debug/build/libz-sys-b1db84f86c238c0e/out/build/CMakeFiles/CMakeTmp'
gmake[1]: Warning: File 'CMakeFiles/cmTC_33f00.dir/flags.make' has modification time 3.3 s in the future
Building C object CMakeFiles/cmTC_33f00.dir/src.c.o
/usr/bin/cc -DHAVE_BUILTIN_CTZ  -ffunction-sections -fdata-sections -fPIC -m64  -std=c11 -o CMakeFiles/cmTC_33f00.dir/src.c.o -c /mnt/hgfs/lishuangshuang/pipeline/learning/rust/bamtag/target/debug/build/libz-sys-b1db84f86c238c0e/out/build/CMakeFiles/CMakeTmp/src.c
Linking C executable cmTC_33f00
/usr/bin/cmake -E cmake_link_script CMakeFiles/cmTC_33f00.dir/link.txt --verbose=1
/usr/bin/cc  -ffunction-sections -fdata-sections -fPIC -m64  CMakeFiles/cmTC_33f00.dir/src.c.o -o cmTC_33f00 
gmake[1]: warning:  Clock skew detected.  Your build may be incomplete.
gmake[1]: Leaving directory '/mnt/hgfs/lishuangshuang/pipeline/learning/rust/bamtag/target/debug/build/libz-sys-b1db84f86c238c0e/out/build/CMakeFiles/CMakeTmp'
gmake: warning:  Clock skew detected.  Your build may be incomplete.


Source file was:
int main(void) {
        unsigned int zero = 0;
        long test = __builtin_ctz(zero);
        (void)test;
        return 0;
    }
Performing C SOURCE FILE Test HAVE_BUILTIN_CTZLL succeeded with the following output:
Change Dir: /mnt/hgfs/lishuangshuang/pipeline/learning/rust/bamtag/target/debug/build/libz-sys-b1db84f86c238c0e/out/build/CMakeFiles/CMakeTmp

Run Build Command(s):/usr/bin/gmake -f Makefile cmTC_9eb8f/fast && gmake: Warning: File 'Makefile' has modification time 2.9 s in the future
/usr/bin/gmake  -f CMakeFiles/cmTC_9eb8f.dir/build.make CMakeFiles/cmTC_9eb8f.dir/build
gmake[1]: Entering directory '/mnt/hgfs/lishuangshuang/pipeline/learning/rust/bamtag/target/debug/build/libz-sys-b1db84f86c238c0e/out/build/CMakeFiles/CMakeTmp'
gmake[1]: Warning: File 'CMakeFiles/cmTC_9eb8f.dir/flags.make' has modification time 2.9 s in the future
Building C object CMakeFiles/cmTC_9eb8f.dir/src.c.o
/usr/bin/cc -DHAVE_BUILTIN_CTZLL  -ffunction-sections -fdata-sections -fPIC -m64  -std=c11 -o CMakeFiles/cmTC_9eb8f.dir/src.c.o -c /mnt/hgfs/lishuangshuang/pipeline/learning/rust/bamtag/target/debug/build/libz-sys-b1db84f86c238c0e/out/build/CMakeFiles/CMakeTmp/src.c
Linking C executable cmTC_9eb8f
/usr/bin/cmake -E cmake_link_script CMakeFiles/cmTC_9eb8f.dir/link.txt --verbose=1
/usr/bin/cc  -ffunction-sections -fdata-sections -fPIC -m64  CMakeFiles/cmTC_9eb8f.dir/src.c.o -o cmTC_9eb8f 
gmake[1]: warning:  Clock skew detected.  Your build may be incomplete.
gmake[1]: Leaving directory '/mnt/hgfs/lishuangshuang/pipeline/learning/rust/bamtag/target/debug/build/libz-sys-b1db84f86c238c0e/out/build/CMakeFiles/CMakeTmp'
gmake: warning:  Clock skew detected.  Your build may be incomplete.


Source file was:
int main(void) {
        unsigned int zero = 0;
        long test = __builtin_ctzll(zero);
        (void)test;
        return 0;
    }
Performing C SOURCE FILE Test HAVE_PTRDIFF_T succeeded with the following output:
Change Dir: /mnt/hgfs/lishuangshuang/pipeline/learning/rust/bamtag/target/debug/build/libz-sys-b1db84f86c238c0e/out/build/CMakeFiles/CMakeTmp

Run Build Command(s):/usr/bin/gmake -f Makefile cmTC_febf1/fast && gmake: Warning: File 'Makefile' has modification time 3.4 s in the future
/usr/bin/gmake  -f CMakeFiles/cmTC_febf1.dir/build.make CMakeFiles/cmTC_febf1.dir/build
gmake[1]: Entering directory '/mnt/hgfs/lishuangshuang/pipeline/learning/rust/bamtag/target/debug/build/libz-sys-b1db84f86c238c0e/out/build/CMakeFiles/CMakeTmp'
gmake[1]: Warning: File 'CMakeFiles/cmTC_febf1.dir/flags.make' has modification time 3.4 s in the future
Building C object CMakeFiles/cmTC_febf1.dir/src.c.o
/usr/bin/cc -DHAVE_PTRDIFF_T  -ffunction-sections -fdata-sections -fPIC -m64  -std=c11 -o CMakeFiles/cmTC_febf1.dir/src.c.o -c /mnt/hgfs/lishuangshuang/pipeline/learning/rust/bamtag/target/debug/build/libz-sys-b1db84f86c238c0e/out/build/CMakeFiles/CMakeTmp/src.c
Linking C executable cmTC_febf1
/usr/bin/cmake -E cmake_link_script CMakeFiles/cmTC_febf1.dir/link.txt --verbose=1
/usr/bin/cc  -ffunction-sections -fdata-sections -fPIC -m64  CMakeFiles/cmTC_febf1.dir/src.c.o -o cmTC_febf1 
gmake[1]: warning:  Clock skew detected.  Your build may be incomplete.
gmake[1]: Leaving directory '/mnt/hgfs/lishuangshuang/pipeline/learning/rust/bamtag/target/debug/build/libz-sys-b1db84f86c238c0e/out/build/CMakeFiles/CMakeTmp'
gmake: warning:  Clock skew detected.  Your build may be incomplete.


Source file was:
#include <stddef.h>
     int main() {
         ptrdiff_t *a;
         (void)a;
         return 0;
    }
Performing C SOURCE FILE Test HAVE_AVX2_INTRIN succeeded with the following output:
Change Dir: /mnt/hgfs/lishuangshuang/pipeline/learning/rust/bamtag/target/debug/build/libz-sys-b1db84f86c238c0e/out/build/CMakeFiles/CMakeTmp

Run Build Command(s):/usr/bin/gmake -f Makefile cmTC_a3823/fast && gmake: Warning: File 'Makefile' has modification time 2.9 s in the future
/usr/bin/gmake  -f CMakeFiles/cmTC_a3823.dir/build.make CMakeFiles/cmTC_a3823.dir/build
gmake[1]: Entering directory '/mnt/hgfs/lishuangshuang/pipeline/learning/rust/bamtag/target/debug/build/libz-sys-b1db84f86c238c0e/out/build/CMakeFiles/CMakeTmp'
gmake[1]: Warning: File 'CMakeFiles/cmTC_a3823.dir/flags.make' has modification time 2.9 s in the future
Building C object CMakeFiles/cmTC_a3823.dir/src.c.o
/usr/bin/cc -DHAVE_AVX2_INTRIN  -ffunction-sections -fdata-sections -fPIC -m64 -mavx2  -fno-lto -std=c11 -o CMakeFiles/cmTC_a3823.dir/src.c.o -c /mnt/hgfs/lishuangshuang/pipeline/learning/rust/bamtag/target/debug/build/libz-sys-b1db84f86c238c0e/out/build/CMakeFiles/CMakeTmp/src.c
Linking C executable cmTC_a3823
/usr/bin/cmake -E cmake_link_script CMakeFiles/cmTC_a3823.dir/link.txt --verbose=1
/usr/bin/cc  -ffunction-sections -fdata-sections -fPIC -m64 -mavx2  -fno-lto CMakeFiles/cmTC_a3823.dir/src.c.o -o cmTC_a3823 
gmake[1]: warning:  Clock skew detected.  Your build may be incomplete.
gmake[1]: Leaving directory '/mnt/hgfs/lishuangshuang/pipeline/learning/rust/bamtag/target/debug/build/libz-sys-b1db84f86c238c0e/out/build/CMakeFiles/CMakeTmp'
gmake: warning:  Clock skew detected.  Your build may be incomplete.


Source file was:
#include <immintrin.h>
        __m256i f(__m256i x) {
            const __m256i y = _mm256_set1_epi16(1);
            return _mm256_subs_epu16(x, y);
        }
        int main(void) { return 0; }
Performing C SOURCE FILE Test HAVE_CASCADE_LAKE succeeded with the following output:
Change Dir: /mnt/hgfs/lishuangshuang/pipeline/learning/rust/bamtag/target/debug/build/libz-sys-b1db84f86c238c0e/out/build/CMakeFiles/CMakeTmp

Run Build Command(s):/usr/bin/gmake -f Makefile cmTC_6daff/fast && gmake: Warning: File 'Makefile' has modification time 3.6 s in the future
/usr/bin/gmake  -f CMakeFiles/cmTC_6daff.dir/build.make CMakeFiles/cmTC_6daff.dir/build
gmake[1]: Entering directory '/mnt/hgfs/lishuangshuang/pipeline/learning/rust/bamtag/target/debug/build/libz-sys-b1db84f86c238c0e/out/build/CMakeFiles/CMakeTmp'
gmake[1]: Warning: File 'CMakeFiles/cmTC_6daff.dir/flags.make' has modification time 3.6 s in the future
Building C object CMakeFiles/cmTC_6daff.dir/src.c.o
/usr/bin/cc -DHAVE_CASCADE_LAKE  -ffunction-sections -fdata-sections -fPIC -m64    -mtune=cascadelake -std=c11 -o CMakeFiles/cmTC_6daff.dir/src.c.o -c /mnt/hgfs/lishuangshuang/pipeline/learning/rust/bamtag/target/debug/build/libz-sys-b1db84f86c238c0e/out/build/CMakeFiles/CMakeTmp/src.c
Linking C executable cmTC_6daff
/usr/bin/cmake -E cmake_link_script CMakeFiles/cmTC_6daff.dir/link.txt --verbose=1
/usr/bin/cc  -ffunction-sections -fdata-sections -fPIC -m64  CMakeFiles/cmTC_6daff.dir/src.c.o -o cmTC_6daff 
gmake[1]: warning:  Clock skew detected.  Your build may be incomplete.
gmake[1]: Leaving directory '/mnt/hgfs/lishuangshuang/pipeline/learning/rust/bamtag/target/debug/build/libz-sys-b1db84f86c238c0e/out/build/CMakeFiles/CMakeTmp'
gmake: warning:  Clock skew detected.  Your build may be incomplete.


Source file was:
int main(void) { return 0; }
Performing C SOURCE FILE Test HAVE_AVX512_INTRIN succeeded with the following output:
Change Dir: /mnt/hgfs/lishuangshuang/pipeline/learning/rust/bamtag/target/debug/build/libz-sys-b1db84f86c238c0e/out/build/CMakeFiles/CMakeTmp

Run Build Command(s):/usr/bin/gmake -f Makefile cmTC_95121/fast && gmake: Warning: File 'Makefile' has modification time 3.2 s in the future
/usr/bin/gmake  -f CMakeFiles/cmTC_95121.dir/build.make CMakeFiles/cmTC_95121.dir/build
gmake[1]: Entering directory '/mnt/hgfs/lishuangshuang/pipeline/learning/rust/bamtag/target/debug/build/libz-sys-b1db84f86c238c0e/out/build/CMakeFiles/CMakeTmp'
gmake[1]: Warning: File 'CMakeFiles/cmTC_95121.dir/flags.make' has modification time 3.1 s in the future
Building C object CMakeFiles/cmTC_95121.dir/src.c.o
/usr/bin/cc -DHAVE_AVX512_INTRIN  -ffunction-sections -fdata-sections -fPIC -m64 -mavx512f -mavx512dq -mavx512bw -mavx512vl -mtune=cascadelake  -fno-lto -std=c11 -o CMakeFiles/cmTC_95121.dir/src.c.o -c /mnt/hgfs/lishuangshuang/pipeline/learning/rust/bamtag/target/debug/build/libz-sys-b1db84f86c238c0e/out/build/CMakeFiles/CMakeTmp/src.c
Linking C executable cmTC_95121
/usr/bin/cmake -E cmake_link_script CMakeFiles/cmTC_95121.dir/link.txt --verbose=1
/usr/bin/cc  -ffunction-sections -fdata-sections -fPIC -m64 -mavx512f -mavx512dq -mavx512bw -mavx512vl -mtune=cascadelake  -fno-lto CMakeFiles/cmTC_95121.dir/src.c.o -o cmTC_95121 
gmake[1]: warning:  Clock skew detected.  Your build may be incomplete.
gmake[1]: Leaving directory '/mnt/hgfs/lishuangshuang/pipeline/learning/rust/bamtag/target/debug/build/libz-sys-b1db84f86c238c0e/out/build/CMakeFiles/CMakeTmp'
gmake: warning:  Clock skew detected.  Your build may be incomplete.


Source file was:
#include <immintrin.h>
        __m512i f(__m512i y) {
          __m512i x = _mm512_set1_epi8(2);
          return _mm512_sub_epi8(x, y);
        }
        int main(void) { return 0; }
Performing C SOURCE FILE Test HAVE_MASK_INTRIN succeeded with the following output:
Change Dir: /mnt/hgfs/lishuangshuang/pipeline/learning/rust/bamtag/target/debug/build/libz-sys-b1db84f86c238c0e/out/build/CMakeFiles/CMakeTmp

Run Build Command(s):/usr/bin/gmake -f Makefile cmTC_ed66d/fast && gmake: Warning: File 'Makefile' has modification time 3.2 s in the future
/usr/bin/gmake  -f CMakeFiles/cmTC_ed66d.dir/build.make CMakeFiles/cmTC_ed66d.dir/build
gmake[1]: Entering directory '/mnt/hgfs/lishuangshuang/pipeline/learning/rust/bamtag/target/debug/build/libz-sys-b1db84f86c238c0e/out/build/CMakeFiles/CMakeTmp'
gmake[1]: Warning: File 'CMakeFiles/cmTC_ed66d.dir/flags.make' has modification time 3.1 s in the future
Building C object CMakeFiles/cmTC_ed66d.dir/src.c.o
/usr/bin/cc -DHAVE_MASK_INTRIN  -ffunction-sections -fdata-sections -fPIC -m64 -mavx512f -mavx512dq -mavx512bw -mavx512vl -mtune=cascadelake  -fno-lto -std=c11 -o CMakeFiles/cmTC_ed66d.dir/src.c.o -c /mnt/hgfs/lishuangshuang/pipeline/learning/rust/bamtag/target/debug/build/libz-sys-b1db84f86c238c0e/out/build/CMakeFiles/CMakeTmp/src.c
Linking C executable cmTC_ed66d
/usr/bin/cmake -E cmake_link_script CMakeFiles/cmTC_ed66d.dir/link.txt --verbose=1
/usr/bin/cc  -ffunction-sections -fdata-sections -fPIC -m64 -mavx512f -mavx512dq -mavx512bw -mavx512vl -mtune=cascadelake  -fno-lto CMakeFiles/cmTC_ed66d.dir/src.c.o -o cmTC_ed66d 
gmake[1]: warning:  Clock skew detected.  Your build may be incomplete.
gmake[1]: Leaving directory '/mnt/hgfs/lishuangshuang/pipeline/learning/rust/bamtag/target/debug/build/libz-sys-b1db84f86c238c0e/out/build/CMakeFiles/CMakeTmp'
gmake: warning:  Clock skew detected.  Your build may be incomplete.


Source file was:
#include <immintrin.h>
        __mmask16 f(__mmask16 x) { return _knot_mask16(x); }
        int main(void) { return 0; }
Performing C SOURCE FILE Test HAVE_AVX512VNNI_INTRIN succeeded with the following output:
Change Dir: /mnt/hgfs/lishuangshuang/pipeline/learning/rust/bamtag/target/debug/build/libz-sys-b1db84f86c238c0e/out/build/CMakeFiles/CMakeTmp

Run Build Command(s):/usr/bin/gmake -f Makefile cmTC_c8279/fast && gmake: Warning: File 'Makefile' has modification time 3.3 s in the future
/usr/bin/gmake  -f CMakeFiles/cmTC_c8279.dir/build.make CMakeFiles/cmTC_c8279.dir/build
gmake[1]: Entering directory '/mnt/hgfs/lishuangshuang/pipeline/learning/rust/bamtag/target/debug/build/libz-sys-b1db84f86c238c0e/out/build/CMakeFiles/CMakeTmp'
gmake[1]: Warning: File 'CMakeFiles/cmTC_c8279.dir/flags.make' has modification time 3.2 s in the future
Building C object CMakeFiles/cmTC_c8279.dir/src.c.o
/usr/bin/cc -DHAVE_AVX512VNNI_INTRIN  -ffunction-sections -fdata-sections -fPIC -m64 -mavx512f -mavx512dq -mavx512bw -mavx512vl -mavx512vnni -mtune=cascadelake  -fno-lto -std=c11 -o CMakeFiles/cmTC_c8279.dir/src.c.o -c /mnt/hgfs/lishuangshuang/pipeline/learning/rust/bamtag/target/debug/build/libz-sys-b1db84f86c238c0e/out/build/CMakeFiles/CMakeTmp/src.c
Linking C executable cmTC_c8279
/usr/bin/cmake -E cmake_link_script CMakeFiles/cmTC_c8279.dir/link.txt --verbose=1
/usr/bin/cc  -ffunction-sections -fdata-sections -fPIC -m64 -mavx512f -mavx512dq -mavx512bw -mavx512vl -mavx512vnni -mtune=cascadelake  -fno-lto CMakeFiles/cmTC_c8279.dir/src.c.o -o cmTC_c8279 
gmake[1]: warning:  Clock skew detected.  Your build may be incomplete.
gmake[1]: Leaving directory '/mnt/hgfs/lishuangshuang/pipeline/learning/rust/bamtag/target/debug/build/libz-sys-b1db84f86c238c0e/out/build/CMakeFiles/CMakeTmp'
gmake: warning:  Clock skew detected.  Your build may be incomplete.


Source file was:
#include <immintrin.h>
        __m512i f(__m512i x, __m512i y) {
            __m512i z = _mm512_setzero_epi32();
            return _mm512_dpbusd_epi32(z, x, y);
        }
        int main(void) { return 0; }
Performing C SOURCE FILE Test HAVE_SSE42_INTRIN succeeded with the following output:
Change Dir: /mnt/hgfs/lishuangshuang/pipeline/learning/rust/bamtag/target/debug/build/libz-sys-b1db84f86c238c0e/out/build/CMakeFiles/CMakeTmp

Run Build Command(s):/usr/bin/gmake -f Makefile cmTC_b9ea7/fast && gmake: Warning: File 'Makefile' has modification time 3.3 s in the future
/usr/bin/gmake  -f CMakeFiles/cmTC_b9ea7.dir/build.make CMakeFiles/cmTC_b9ea7.dir/build
gmake[1]: Entering directory '/mnt/hgfs/lishuangshuang/pipeline/learning/rust/bamtag/target/debug/build/libz-sys-b1db84f86c238c0e/out/build/CMakeFiles/CMakeTmp'
gmake[1]: Warning: File 'CMakeFiles/cmTC_b9ea7.dir/flags.make' has modification time 3.3 s in the future
Building C object CMakeFiles/cmTC_b9ea7.dir/src.c.o
/usr/bin/cc -DHAVE_SSE42_INTRIN  -ffunction-sections -fdata-sections -fPIC -m64 -msse4.2  -fno-lto -std=c11 -o CMakeFiles/cmTC_b9ea7.dir/src.c.o -c /mnt/hgfs/lishuangshuang/pipeline/learning/rust/bamtag/target/debug/build/libz-sys-b1db84f86c238c0e/out/build/CMakeFiles/CMakeTmp/src.c
Linking C executable cmTC_b9ea7
/usr/bin/cmake -E cmake_link_script CMakeFiles/cmTC_b9ea7.dir/link.txt --verbose=1
/usr/bin/cc  -ffunction-sections -fdata-sections -fPIC -m64 -msse4.2  -fno-lto CMakeFiles/cmTC_b9ea7.dir/src.c.o -o cmTC_b9ea7 
gmake[1]: warning:  Clock skew detected.  Your build may be incomplete.
gmake[1]: Leaving directory '/mnt/hgfs/lishuangshuang/pipeline/learning/rust/bamtag/target/debug/build/libz-sys-b1db84f86c238c0e/out/build/CMakeFiles/CMakeTmp'
gmake: warning:  Clock skew detected.  Your build may be incomplete.


Source file was:
#include <nmmintrin.h>
        unsigned int f(unsigned int a, unsigned int b) { return _mm_crc32_u32(a, b); }
        int main(void) { return 0; }
Performing C SOURCE FILE Test HAVE_SSE2_INTRIN succeeded with the following output:
Change Dir: /mnt/hgfs/lishuangshuang/pipeline/learning/rust/bamtag/target/debug/build/libz-sys-b1db84f86c238c0e/out/build/CMakeFiles/CMakeTmp

Run Build Command(s):/usr/bin/gmake -f Makefile cmTC_6c8b4/fast && gmake: Warning: File 'Makefile' has modification time 3.7 s in the future
/usr/bin/gmake  -f CMakeFiles/cmTC_6c8b4.dir/build.make CMakeFiles/cmTC_6c8b4.dir/build
gmake[1]: Entering directory '/mnt/hgfs/lishuangshuang/pipeline/learning/rust/bamtag/target/debug/build/libz-sys-b1db84f86c238c0e/out/build/CMakeFiles/CMakeTmp'
gmake[1]: Warning: File 'CMakeFiles/cmTC_6c8b4.dir/flags.make' has modification time 3.6 s in the future
Building C object CMakeFiles/cmTC_6c8b4.dir/src.c.o
/usr/bin/cc -DHAVE_SSE2_INTRIN  -ffunction-sections -fdata-sections -fPIC -m64 -msse2  -fno-lto -std=c11 -o CMakeFiles/cmTC_6c8b4.dir/src.c.o -c /mnt/hgfs/lishuangshuang/pipeline/learning/rust/bamtag/target/debug/build/libz-sys-b1db84f86c238c0e/out/build/CMakeFiles/CMakeTmp/src.c
Linking C executable cmTC_6c8b4
/usr/bin/cmake -E cmake_link_script CMakeFiles/cmTC_6c8b4.dir/link.txt --verbose=1
/usr/bin/cc  -ffunction-sections -fdata-sections -fPIC -m64 -msse2  -fno-lto CMakeFiles/cmTC_6c8b4.dir/src.c.o -o cmTC_6c8b4 
gmake[1]: warning:  Clock skew detected.  Your build may be incomplete.
gmake[1]: Leaving directory '/mnt/hgfs/lishuangshuang/pipeline/learning/rust/bamtag/target/debug/build/libz-sys-b1db84f86c238c0e/out/build/CMakeFiles/CMakeTmp'
gmake: warning:  Clock skew detected.  Your build may be incomplete.


Source file was:
#include <immintrin.h>
        __m128i f(__m128i x, __m128i y) { return _mm_sad_epu8(x, y); }
        int main(void) { return 0; }
Performing C SOURCE FILE Test HAVE_SSSE3_INTRIN succeeded with the following output:
Change Dir: /mnt/hgfs/lishuangshuang/pipeline/learning/rust/bamtag/target/debug/build/libz-sys-b1db84f86c238c0e/out/build/CMakeFiles/CMakeTmp

Run Build Command(s):/usr/bin/gmake -f Makefile cmTC_c9da1/fast && gmake: Warning: File 'Makefile' has modification time 3.4 s in the future
/usr/bin/gmake  -f CMakeFiles/cmTC_c9da1.dir/build.make CMakeFiles/cmTC_c9da1.dir/build
gmake[1]: Entering directory '/mnt/hgfs/lishuangshuang/pipeline/learning/rust/bamtag/target/debug/build/libz-sys-b1db84f86c238c0e/out/build/CMakeFiles/CMakeTmp'
gmake[1]: Warning: File 'CMakeFiles/cmTC_c9da1.dir/flags.make' has modification time 3.3 s in the future
Building C object CMakeFiles/cmTC_c9da1.dir/src.c.o
/usr/bin/cc -DHAVE_SSSE3_INTRIN  -ffunction-sections -fdata-sections -fPIC -m64 -mssse3  -fno-lto -std=c11 -o CMakeFiles/cmTC_c9da1.dir/src.c.o -c /mnt/hgfs/lishuangshuang/pipeline/learning/rust/bamtag/target/debug/build/libz-sys-b1db84f86c238c0e/out/build/CMakeFiles/CMakeTmp/src.c
Linking C executable cmTC_c9da1
/usr/bin/cmake -E cmake_link_script CMakeFiles/cmTC_c9da1.dir/link.txt --verbose=1
/usr/bin/cc  -ffunction-sections -fdata-sections -fPIC -m64 -mssse3  -fno-lto CMakeFiles/cmTC_c9da1.dir/src.c.o -o cmTC_c9da1 
gmake[1]: warning:  Clock skew detected.  Your build may be incomplete.
gmake[1]: Leaving directory '/mnt/hgfs/lishuangshuang/pipeline/learning/rust/bamtag/target/debug/build/libz-sys-b1db84f86c238c0e/out/build/CMakeFiles/CMakeTmp'
gmake: warning:  Clock skew detected.  Your build may be incomplete.


Source file was:
#include <immintrin.h>
        __m128i f(__m128i u) {
          __m128i v = _mm_set1_epi32(1);
          return _mm_hadd_epi32(u, v);
        }
        int main(void) { return 0; }
Performing C SOURCE FILE Test HAVE_PCLMULQDQ_INTRIN succeeded with the following output:
Change Dir: /mnt/hgfs/lishuangshuang/pipeline/learning/rust/bamtag/target/debug/build/libz-sys-b1db84f86c238c0e/out/build/CMakeFiles/CMakeTmp

Run Build Command(s):/usr/bin/gmake -f Makefile cmTC_ce7c5/fast && gmake: Warning: File 'Makefile' has modification time 3.2 s in the future
/usr/bin/gmake  -f CMakeFiles/cmTC_ce7c5.dir/build.make CMakeFiles/cmTC_ce7c5.dir/build
gmake[1]: Entering directory '/mnt/hgfs/lishuangshuang/pipeline/learning/rust/bamtag/target/debug/build/libz-sys-b1db84f86c238c0e/out/build/CMakeFiles/CMakeTmp'
gmake[1]: Warning: File 'CMakeFiles/cmTC_ce7c5.dir/flags.make' has modification time 3.1 s in the future
Building C object CMakeFiles/cmTC_ce7c5.dir/src.c.o
/usr/bin/cc -DHAVE_PCLMULQDQ_INTRIN  -ffunction-sections -fdata-sections -fPIC -m64 -mpclmul  -fno-lto -std=c11 -o CMakeFiles/cmTC_ce7c5.dir/src.c.o -c /mnt/hgfs/lishuangshuang/pipeline/learning/rust/bamtag/target/debug/build/libz-sys-b1db84f86c238c0e/out/build/CMakeFiles/CMakeTmp/src.c
Linking C executable cmTC_ce7c5
/usr/bin/cmake -E cmake_link_script CMakeFiles/cmTC_ce7c5.dir/link.txt --verbose=1
/usr/bin/cc  -ffunction-sections -fdata-sections -fPIC -m64 -mpclmul  -fno-lto CMakeFiles/cmTC_ce7c5.dir/src.c.o -o cmTC_ce7c5 
gmake[1]: warning:  Clock skew detected.  Your build may be incomplete.
gmake[1]: Leaving directory '/mnt/hgfs/lishuangshuang/pipeline/learning/rust/bamtag/target/debug/build/libz-sys-b1db84f86c238c0e/out/build/CMakeFiles/CMakeTmp'
gmake: warning:  Clock skew detected.  Your build may be incomplete.


Source file was:
#include <immintrin.h>
            #include <wmmintrin.h>
            __m128i f(__m128i a, __m128i b) { return _mm_clmulepi64_si128(a, b, 0x10); }
            int main(void) { return 0; }
Performing C SOURCE FILE Test HAVE_VPCLMULQDQ_INTRIN succeeded with the following output:
Change Dir: /mnt/hgfs/lishuangshuang/pipeline/learning/rust/bamtag/target/debug/build/libz-sys-b1db84f86c238c0e/out/build/CMakeFiles/CMakeTmp

Run Build Command(s):/usr/bin/gmake -f Makefile cmTC_7feb4/fast && gmake: Warning: File 'Makefile' has modification time 3.6 s in the future
/usr/bin/gmake  -f CMakeFiles/cmTC_7feb4.dir/build.make CMakeFiles/cmTC_7feb4.dir/build
gmake[1]: Entering directory '/mnt/hgfs/lishuangshuang/pipeline/learning/rust/bamtag/target/debug/build/libz-sys-b1db84f86c238c0e/out/build/CMakeFiles/CMakeTmp'
gmake[1]: Warning: File 'CMakeFiles/cmTC_7feb4.dir/flags.make' has modification time 3.6 s in the future
Building C object CMakeFiles/cmTC_7feb4.dir/src.c.o
/usr/bin/cc -DHAVE_VPCLMULQDQ_INTRIN  -ffunction-sections -fdata-sections -fPIC -m64 -mvpclmulqdq -mavx512f  -fno-lto -std=c11 -o CMakeFiles/cmTC_7feb4.dir/src.c.o -c /mnt/hgfs/lishuangshuang/pipeline/learning/rust/bamtag/target/debug/build/libz-sys-b1db84f86c238c0e/out/build/CMakeFiles/CMakeTmp/src.c
Linking C executable cmTC_7feb4
/usr/bin/cmake -E cmake_link_script CMakeFiles/cmTC_7feb4.dir/link.txt --verbose=1
/usr/bin/cc  -ffunction-sections -fdata-sections -fPIC -m64 -mvpclmulqdq -mavx512f  -fno-lto CMakeFiles/cmTC_7feb4.dir/src.c.o -o cmTC_7feb4 
gmake[1]: warning:  Clock skew detected.  Your build may be incomplete.
gmake[1]: Leaving directory '/mnt/hgfs/lishuangshuang/pipeline/learning/rust/bamtag/target/debug/build/libz-sys-b1db84f86c238c0e/out/build/CMakeFiles/CMakeTmp'
gmake: warning:  Clock skew detected.  Your build may be incomplete.


Source file was:
#include <immintrin.h>
            #include <wmmintrin.h>
            __m512i f(__m512i a) {
                __m512i b = _mm512_setzero_si512();
                return _mm512_clmulepi64_epi128(a, b, 0x10);
            }
            int main(void) { return 0; }
Performing C SOURCE FILE Test HAVE_XSAVE_INTRIN succeeded with the following output:
Change Dir: /mnt/hgfs/lishuangshuang/pipeline/learning/rust/bamtag/target/debug/build/libz-sys-b1db84f86c238c0e/out/build/CMakeFiles/CMakeTmp

Run Build Command(s):/usr/bin/gmake -f Makefile cmTC_3cc85/fast && gmake: Warning: File 'Makefile' has modification time 3.3 s in the future
/usr/bin/gmake  -f CMakeFiles/cmTC_3cc85.dir/build.make CMakeFiles/cmTC_3cc85.dir/build
gmake[1]: Entering directory '/mnt/hgfs/lishuangshuang/pipeline/learning/rust/bamtag/target/debug/build/libz-sys-b1db84f86c238c0e/out/build/CMakeFiles/CMakeTmp'
gmake[1]: Warning: File 'CMakeFiles/cmTC_3cc85.dir/flags.make' has modification time 3.3 s in the future
Building C object CMakeFiles/cmTC_3cc85.dir/src.c.o
/usr/bin/cc -DHAVE_XSAVE_INTRIN  -ffunction-sections -fdata-sections -fPIC -m64 -mxsave  -fno-lto -std=c11 -o CMakeFiles/cmTC_3cc85.dir/src.c.o -c /mnt/hgfs/lishuangshuang/pipeline/learning/rust/bamtag/target/debug/build/libz-sys-b1db84f86c238c0e/out/build/CMakeFiles/CMakeTmp/src.c
Linking C executable cmTC_3cc85
/usr/bin/cmake -E cmake_link_script CMakeFiles/cmTC_3cc85.dir/link.txt --verbose=1
/usr/bin/cc  -ffunction-sections -fdata-sections -fPIC -m64 -mxsave  -fno-lto CMakeFiles/cmTC_3cc85.dir/src.c.o -o cmTC_3cc85 
gmake[1]: warning:  Clock skew detected.  Your build may be incomplete.
gmake[1]: Leaving directory '/mnt/hgfs/lishuangshuang/pipeline/learning/rust/bamtag/target/debug/build/libz-sys-b1db84f86c238c0e/out/build/CMakeFiles/CMakeTmp'
gmake: warning:  Clock skew detected.  Your build may be incomplete.


Source file was:
#ifdef _MSC_VER
        #  include <intrin.h>
        #else
        #  include <x86gprintrin.h>
        #endif
        unsigned int f(unsigned int a) { return (int) _xgetbv(a); }
        int main(void) { return 0; }
